CRITICAL - 2022-06-02 01:05:58 --> Invalid file: about.php
#0 /Applications/XAMPP/xamppfiles/htdocs/codeigniter4/Sites/ci4/system/View/View.php(198): CodeIgniter\Exceptions\FrameworkException::forInvalidFile('about.php')
#1 /Applications/XAMPP/xamppfiles/htdocs/codeigniter4/Sites/ci4/system/Common.php(1089): CodeIgniter\View\View->render('about', Array, true)
#2 /Applications/XAMPP/xamppfiles/htdocs/codeigniter4/Sites/ci4/app/Controllers/Pages.php(14): view('about')
#3 /Applications/XAMPP/xamppfiles/htdocs/codeigniter4/Sites/ci4/system/CodeIgniter.php(832): App\Controllers\Pages->about()
#4 /Applications/XAMPP/xamppfiles/htdocs/codeigniter4/Sites/ci4/system/CodeIgniter.php(419): CodeIgniter\CodeIgniter->runController(Object(App\Controllers\Pages))
#5 /Applications/XAMPP/xamppfiles/htdocs/codeigniter4/Sites/ci4/system/CodeIgniter.php(326): CodeIgniter\CodeIgniter->handleRequest(NULL, Object(Config\Cache), false)
#6 /Applications/XAMPP/xamppfiles/htdocs/codeigniter4/Sites/ci4/public/index.php(37): CodeIgniter\CodeIgniter->run()
#7 /Applications/XAMPP/xamppfiles/htdocs/codeigniter4/Sites/ci4/system/Commands/Server/rewrite.php(43): require_once('/Applications/X...')
#8 {main}
CRITICAL - 2022-06-02 01:06:02 --> Invalid file: home.php
#0 /Applications/XAMPP/xamppfiles/htdocs/codeigniter4/Sites/ci4/system/View/View.php(198): CodeIgniter\Exceptions\FrameworkException::forInvalidFile('home.php')
#1 /Applications/XAMPP/xamppfiles/htdocs/codeigniter4/Sites/ci4/system/Common.php(1089): CodeIgniter\View\View->render('home', Array, true)
#2 /Applications/XAMPP/xamppfiles/htdocs/codeigniter4/Sites/ci4/app/Controllers/Pages.php(9): view('home')
#3 /Applications/XAMPP/xamppfiles/htdocs/codeigniter4/Sites/ci4/system/CodeIgniter.php(832): App\Controllers\Pages->index()
#4 /Applications/XAMPP/xamppfiles/htdocs/codeigniter4/Sites/ci4/system/CodeIgniter.php(419): CodeIgniter\CodeIgniter->runController(Object(App\Controllers\Pages))
#5 /Applications/XAMPP/xamppfiles/htdocs/codeigniter4/Sites/ci4/system/CodeIgniter.php(326): CodeIgniter\CodeIgniter->handleRequest(NULL, Object(Config\Cache), false)
#6 /Applications/XAMPP/xamppfiles/htdocs/codeigniter4/Sites/ci4/public/index.php(37): CodeIgniter\CodeIgniter->run()
#7 /Applications/XAMPP/xamppfiles/htdocs/codeigniter4/Sites/ci4/system/Commands/Server/rewrite.php(43): require_once('/Applications/X...')
#8 {main}
CRITICAL - 2022-06-02 01:47:47 --> Undefined variable $title
#0 /Applications/XAMPP/xamppfiles/htdocs/codeigniter4/Sites/ci4/app/Views/layout/header.php(12): CodeIgniter\Debug\Exceptions->errorHandler(2, 'Undefined varia...', '/Applications/X...', 12)
#1 /Applications/XAMPP/xamppfiles/htdocs/codeigniter4/Sites/ci4/system/View/View.php(210): include('/Applications/X...')
#2 /Applications/XAMPP/xamppfiles/htdocs/codeigniter4/Sites/ci4/system/View/View.php(213): CodeIgniter\View\View->CodeIgniter\View\{closure}()
#3 /Applications/XAMPP/xamppfiles/htdocs/codeigniter4/Sites/ci4/system/Common.php(1089): CodeIgniter\View\View->render('layout/header', Array, true)
#4 /Applications/XAMPP/xamppfiles/htdocs/codeigniter4/Sites/ci4/app/Controllers/Pages.php(19): view('layout/header')
#5 /Applications/XAMPP/xamppfiles/htdocs/codeigniter4/Sites/ci4/system/CodeIgniter.php(832): App\Controllers\Pages->about()
#6 /Applications/XAMPP/xamppfiles/htdocs/codeigniter4/Sites/ci4/system/CodeIgniter.php(419): CodeIgniter\CodeIgniter->runController(Object(App\Controllers\Pages))
#7 /Applications/XAMPP/xamppfiles/htdocs/codeigniter4/Sites/ci4/system/CodeIgniter.php(326): CodeIgniter\CodeIgniter->handleRequest(NULL, Object(Config\Cache), false)
#8 /Applications/XAMPP/xamppfiles/htdocs/codeigniter4/Sites/ci4/public/index.php(37): CodeIgniter\CodeIgniter->run()
#9 /Applications/XAMPP/xamppfiles/htdocs/codeigniter4/Sites/ci4/system/Commands/Server/rewrite.php(43): require_once('/Applications/X...')
#10 {main}
CRITICAL - 2022-06-02 01:54:20 --> Undefined variable $data
#0 /Applications/XAMPP/xamppfiles/htdocs/codeigniter4/Sites/ci4/app/Views/pages/home.php(5): CodeIgniter\Debug\Exceptions->errorHandler(2, 'Undefined varia...', '/Applications/X...', 5)
#1 /Applications/XAMPP/xamppfiles/htdocs/codeigniter4/Sites/ci4/system/View/View.php(210): include('/Applications/X...')
#2 /Applications/XAMPP/xamppfiles/htdocs/codeigniter4/Sites/ci4/system/View/View.php(213): CodeIgniter\View\View->CodeIgniter\View\{closure}()
#3 /Applications/XAMPP/xamppfiles/htdocs/codeigniter4/Sites/ci4/system/Common.php(1089): CodeIgniter\View\View->render('pages/home', Array, true)
#4 /Applications/XAMPP/xamppfiles/htdocs/codeigniter4/Sites/ci4/app/Controllers/pages.php(14): view('pages/home')
#5 /Applications/XAMPP/xamppfiles/htdocs/codeigniter4/Sites/ci4/system/CodeIgniter.php(832): App\Controllers\Pages->index()
#6 /Applications/XAMPP/xamppfiles/htdocs/codeigniter4/Sites/ci4/system/CodeIgniter.php(419): CodeIgniter\CodeIgniter->runController(Object(App\Controllers\Pages))
#7 /Applications/XAMPP/xamppfiles/htdocs/codeigniter4/Sites/ci4/system/CodeIgniter.php(326): CodeIgniter\CodeIgniter->handleRequest(NULL, Object(Config\Cache), false)
#8 /Applications/XAMPP/xamppfiles/htdocs/codeigniter4/Sites/ci4/public/index.php(37): CodeIgniter\CodeIgniter->run()
#9 /Applications/XAMPP/xamppfiles/htdocs/codeigniter4/Sites/ci4/system/Commands/Server/rewrite.php(43): require_once('/Applications/X...')
#10 {main}
CRITICAL - 2022-06-02 01:54:35 --> Undefined variable $data
#0 /Applications/XAMPP/xamppfiles/htdocs/codeigniter4/Sites/ci4/app/Views/pages/home.php(5): CodeIgniter\Debug\Exceptions->errorHandler(2, 'Undefined varia...', '/Applications/X...', 5)
#1 /Applications/XAMPP/xamppfiles/htdocs/codeigniter4/Sites/ci4/system/View/View.php(210): include('/Applications/X...')
#2 /Applications/XAMPP/xamppfiles/htdocs/codeigniter4/Sites/ci4/system/View/View.php(213): CodeIgniter\View\View->CodeIgniter\View\{closure}()
#3 /Applications/XAMPP/xamppfiles/htdocs/codeigniter4/Sites/ci4/system/Common.php(1089): CodeIgniter\View\View->render('pages/home', Array, true)
#4 /Applications/XAMPP/xamppfiles/htdocs/codeigniter4/Sites/ci4/app/Controllers/pages.php(14): view('pages/home')
#5 /Applications/XAMPP/xamppfiles/htdocs/codeigniter4/Sites/ci4/system/CodeIgniter.php(832): App\Controllers\Pages->index()
#6 /Applications/XAMPP/xamppfiles/htdocs/codeigniter4/Sites/ci4/system/CodeIgniter.php(419): CodeIgniter\CodeIgniter->runController(Object(App\Controllers\Pages))
#7 /Applications/XAMPP/xamppfiles/htdocs/codeigniter4/Sites/ci4/system/CodeIgniter.php(326): CodeIgniter\CodeIgniter->handleRequest(NULL, Object(Config\Cache), false)
#8 /Applications/XAMPP/xamppfiles/htdocs/codeigniter4/Sites/ci4/public/index.php(37): CodeIgniter\CodeIgniter->run()
#9 /Applications/XAMPP/xamppfiles/htdocs/codeigniter4/Sites/ci4/system/Commands/Server/rewrite.php(43): require_once('/Applications/X...')
#10 {main}
CRITICAL - 2022-06-02 02:18:43 --> Call to undefined method CodeIgniter\View\View::extends()
#0 /Applications/XAMPP/xamppfiles/htdocs/codeigniter4/Sites/ci4/system/View/View.php(210): include()
#1 /Applications/XAMPP/xamppfiles/htdocs/codeigniter4/Sites/ci4/system/View/View.php(213): CodeIgniter\View\View->CodeIgniter\View\{closure}()
#2 /Applications/XAMPP/xamppfiles/htdocs/codeigniter4/Sites/ci4/system/Common.php(1089): CodeIgniter\View\View->render('pages/home', Array, true)
#3 /Applications/XAMPP/xamppfiles/htdocs/codeigniter4/Sites/ci4/app/Controllers/pages.php(14): view('pages/home')
#4 /Applications/XAMPP/xamppfiles/htdocs/codeigniter4/Sites/ci4/system/CodeIgniter.php(832): App\Controllers\Pages->index()
#5 /Applications/XAMPP/xamppfiles/htdocs/codeigniter4/Sites/ci4/system/CodeIgniter.php(419): CodeIgniter\CodeIgniter->runController(Object(App\Controllers\Pages))
#6 /Applications/XAMPP/xamppfiles/htdocs/codeigniter4/Sites/ci4/system/CodeIgniter.php(326): CodeIgniter\CodeIgniter->handleRequest(NULL, Object(Config\Cache), false)
#7 /Applications/XAMPP/xamppfiles/htdocs/codeigniter4/Sites/ci4/public/index.php(37): CodeIgniter\CodeIgniter->run()
#8 /Applications/XAMPP/xamppfiles/htdocs/codeigniter4/Sites/ci4/system/Commands/Server/rewrite.php(43): require_once('/Applications/X...')
#9 {main}
CRITICAL - 2022-06-02 02:18:57 --> Call to undefined method CodeIgniter\View\View::extends()
#0 /Applications/XAMPP/xamppfiles/htdocs/codeigniter4/Sites/ci4/system/View/View.php(210): include()
#1 /Applications/XAMPP/xamppfiles/htdocs/codeigniter4/Sites/ci4/system/View/View.php(213): CodeIgniter\View\View->CodeIgniter\View\{closure}()
#2 /Applications/XAMPP/xamppfiles/htdocs/codeigniter4/Sites/ci4/system/Common.php(1089): CodeIgniter\View\View->render('pages/home', Array, true)
#3 /Applications/XAMPP/xamppfiles/htdocs/codeigniter4/Sites/ci4/app/Controllers/pages.php(14): view('pages/home')
#4 /Applications/XAMPP/xamppfiles/htdocs/codeigniter4/Sites/ci4/system/CodeIgniter.php(832): App\Controllers\Pages->index()
#5 /Applications/XAMPP/xamppfiles/htdocs/codeigniter4/Sites/ci4/system/CodeIgniter.php(419): CodeIgniter\CodeIgniter->runController(Object(App\Controllers\Pages))
#6 /Applications/XAMPP/xamppfiles/htdocs/codeigniter4/Sites/ci4/system/CodeIgniter.php(326): CodeIgniter\CodeIgniter->handleRequest(NULL, Object(Config\Cache), false)
#7 /Applications/XAMPP/xamppfiles/htdocs/codeigniter4/Sites/ci4/public/index.php(37): CodeIgniter\CodeIgniter->run()
#8 /Applications/XAMPP/xamppfiles/htdocs/codeigniter4/Sites/ci4/system/Commands/Server/rewrite.php(43): require_once('/Applications/X...')
#9 {main}
CRITICAL - 2022-06-02 02:19:06 --> Call to undefined method CodeIgniter\View\View::extends()
#0 /Applications/XAMPP/xamppfiles/htdocs/codeigniter4/Sites/ci4/system/View/View.php(210): include()
#1 /Applications/XAMPP/xamppfiles/htdocs/codeigniter4/Sites/ci4/system/View/View.php(213): CodeIgniter\View\View->CodeIgniter\View\{closure}()
#2 /Applications/XAMPP/xamppfiles/htdocs/codeigniter4/Sites/ci4/system/Common.php(1089): CodeIgniter\View\View->render('pages/home', Array, true)
#3 /Applications/XAMPP/xamppfiles/htdocs/codeigniter4/Sites/ci4/app/Controllers/pages.php(14): view('pages/home')
#4 /Applications/XAMPP/xamppfiles/htdocs/codeigniter4/Sites/ci4/system/CodeIgniter.php(832): App\Controllers\Pages->index()
#5 /Applications/XAMPP/xamppfiles/htdocs/codeigniter4/Sites/ci4/system/CodeIgniter.php(419): CodeIgniter\CodeIgniter->runController(Object(App\Controllers\Pages))
#6 /Applications/XAMPP/xamppfiles/htdocs/codeigniter4/Sites/ci4/system/CodeIgniter.php(326): CodeIgniter\CodeIgniter->handleRequest(NULL, Object(Config\Cache), false)
#7 /Applications/XAMPP/xamppfiles/htdocs/codeigniter4/Sites/ci4/public/index.php(37): CodeIgniter\CodeIgniter->run()
#8 /Applications/XAMPP/xamppfiles/htdocs/codeigniter4/Sites/ci4/system/Commands/Server/rewrite.php(43): require_once('/Applications/X...')
#9 {main}
CRITICAL - 2022-06-02 02:20:03 --> Call to undefined method CodeIgniter\View\View::extends()
#0 /Applications/XAMPP/xamppfiles/htdocs/codeigniter4/Sites/ci4/system/View/View.php(210): include()
#1 /Applications/XAMPP/xamppfiles/htdocs/codeigniter4/Sites/ci4/system/View/View.php(213): CodeIgniter\View\View->CodeIgniter\View\{closure}()
#2 /Applications/XAMPP/xamppfiles/htdocs/codeigniter4/Sites/ci4/system/Common.php(1089): CodeIgniter\View\View->render('pages/home', Array, true)
#3 /Applications/XAMPP/xamppfiles/htdocs/codeigniter4/Sites/ci4/app/Controllers/pages.php(14): view('pages/home')
#4 /Applications/XAMPP/xamppfiles/htdocs/codeigniter4/Sites/ci4/system/CodeIgniter.php(832): App\Controllers\Pages->index()
#5 /Applications/XAMPP/xamppfiles/htdocs/codeigniter4/Sites/ci4/system/CodeIgniter.php(419): CodeIgniter\CodeIgniter->runController(Object(App\Controllers\Pages))
#6 /Applications/XAMPP/xamppfiles/htdocs/codeigniter4/Sites/ci4/system/CodeIgniter.php(326): CodeIgniter\CodeIgniter->handleRequest(NULL, Object(Config\Cache), false)
#7 /Applications/XAMPP/xamppfiles/htdocs/codeigniter4/Sites/ci4/public/index.php(37): CodeIgniter\CodeIgniter->run()
#8 /Applications/XAMPP/xamppfiles/htdocs/codeigniter4/Sites/ci4/system/Commands/Server/rewrite.php(43): require_once('/Applications/X...')
#9 {main}
CRITICAL - 2022-06-02 02:21:55 --> Undefined variable $tes
#0 /Applications/XAMPP/xamppfiles/htdocs/codeigniter4/Sites/ci4/app/Views/pages/home.php(12): CodeIgniter\Debug\Exceptions->errorHandler(2, 'Undefined varia...', '/Applications/X...', 12)
#1 /Applications/XAMPP/xamppfiles/htdocs/codeigniter4/Sites/ci4/system/View/View.php(210): include('/Applications/X...')
#2 /Applications/XAMPP/xamppfiles/htdocs/codeigniter4/Sites/ci4/system/View/View.php(213): CodeIgniter\View\View->CodeIgniter\View\{closure}()
#3 /Applications/XAMPP/xamppfiles/htdocs/codeigniter4/Sites/ci4/system/Common.php(1089): CodeIgniter\View\View->render('pages/home', Array, true)
#4 /Applications/XAMPP/xamppfiles/htdocs/codeigniter4/Sites/ci4/app/Controllers/pages.php(13): view('pages/home')
#5 /Applications/XAMPP/xamppfiles/htdocs/codeigniter4/Sites/ci4/system/CodeIgniter.php(832): App\Controllers\Pages->index()
#6 /Applications/XAMPP/xamppfiles/htdocs/codeigniter4/Sites/ci4/system/CodeIgniter.php(419): CodeIgniter\CodeIgniter->runController(Object(App\Controllers\Pages))
#7 /Applications/XAMPP/xamppfiles/htdocs/codeigniter4/Sites/ci4/system/CodeIgniter.php(326): CodeIgniter\CodeIgniter->handleRequest(NULL, Object(Config\Cache), false)
#8 /Applications/XAMPP/xamppfiles/htdocs/codeigniter4/Sites/ci4/public/index.php(37): CodeIgniter\CodeIgniter->run()
#9 /Applications/XAMPP/xamppfiles/htdocs/codeigniter4/Sites/ci4/system/Commands/Server/rewrite.php(43): require_once('/Applications/X...')
#10 {main}
CRITICAL - 2022-06-02 02:26:15 --> Undefined variable $title
#0 /Applications/XAMPP/xamppfiles/htdocs/codeigniter4/Sites/ci4/app/Views/layout/template.php(12): CodeIgniter\Debug\Exceptions->errorHandler(2, 'Undefined varia...', '/Applications/X...', 12)
#1 /Applications/XAMPP/xamppfiles/htdocs/codeigniter4/Sites/ci4/system/View/View.php(210): include('/Applications/X...')
#2 /Applications/XAMPP/xamppfiles/htdocs/codeigniter4/Sites/ci4/system/View/View.php(213): CodeIgniter\View\View->CodeIgniter\View\{closure}()
#3 /Applications/XAMPP/xamppfiles/htdocs/codeigniter4/Sites/ci4/system/View/View.php(226): CodeIgniter\View\View->render('layout/template', Array, true)
#4 /Applications/XAMPP/xamppfiles/htdocs/codeigniter4/Sites/ci4/system/Common.php(1089): CodeIgniter\View\View->render('pages/about', Array, true)
#5 /Applications/XAMPP/xamppfiles/htdocs/codeigniter4/Sites/ci4/app/Controllers/Pages.php(22): view('pages/about')
#6 /Applications/XAMPP/xamppfiles/htdocs/codeigniter4/Sites/ci4/system/CodeIgniter.php(832): App\Controllers\Pages->about()
#7 /Applications/XAMPP/xamppfiles/htdocs/codeigniter4/Sites/ci4/system/CodeIgniter.php(419): CodeIgniter\CodeIgniter->runController(Object(App\Controllers\Pages))
#8 /Applications/XAMPP/xamppfiles/htdocs/codeigniter4/Sites/ci4/system/CodeIgniter.php(326): CodeIgniter\CodeIgniter->handleRequest(NULL, Object(Config\Cache), false)
#9 /Applications/XAMPP/xamppfiles/htdocs/codeigniter4/Sites/ci4/public/index.php(37): CodeIgniter\CodeIgniter->run()
#10 /Applications/XAMPP/xamppfiles/htdocs/codeigniter4/Sites/ci4/system/Commands/Server/rewrite.php(43): require_once('/Applications/X...')
#11 {main}
CRITICAL - 2022-06-02 02:32:43 --> Invalid file: pages/contact.php
#0 /Applications/XAMPP/xamppfiles/htdocs/codeigniter4/Sites/ci4/system/View/View.php(198): CodeIgniter\Exceptions\FrameworkException::forInvalidFile('pages/contact.p...')
#1 /Applications/XAMPP/xamppfiles/htdocs/codeigniter4/Sites/ci4/system/Common.php(1089): CodeIgniter\View\View->render('pages/contact', Array, true)
#2 /Applications/XAMPP/xamppfiles/htdocs/codeigniter4/Sites/ci4/app/Controllers/Pages.php(30): view('pages/contact', Array)
#3 /Applications/XAMPP/xamppfiles/htdocs/codeigniter4/Sites/ci4/system/CodeIgniter.php(832): App\Controllers\Pages->contact()
#4 /Applications/XAMPP/xamppfiles/htdocs/codeigniter4/Sites/ci4/system/CodeIgniter.php(419): CodeIgniter\CodeIgniter->runController(Object(App\Controllers\Pages))
#5 /Applications/XAMPP/xamppfiles/htdocs/codeigniter4/Sites/ci4/system/CodeIgniter.php(326): CodeIgniter\CodeIgniter->handleRequest(NULL, Object(Config\Cache), false)
#6 /Applications/XAMPP/xamppfiles/htdocs/codeigniter4/Sites/ci4/public/index.php(37): CodeIgniter\CodeIgniter->run()
#7 /Applications/XAMPP/xamppfiles/htdocs/codeigniter4/Sites/ci4/system/Commands/Server/rewrite.php(43): require_once('/Applications/X...')
#8 {main}
CRITICAL - 2022-06-02 02:42:13 --> syntax error, unexpected single-quoted string "alamat", expecting "]"
#0 /Applications/XAMPP/xamppfiles/htdocs/codeigniter4/Sites/ci4/system/Router/Router.php(175): CodeIgniter\Router\Router->autoRoute('pages/contact')
#1 /Applications/XAMPP/xamppfiles/htdocs/codeigniter4/Sites/ci4/system/CodeIgniter.php(726): CodeIgniter\Router\Router->handle('pages/contact')
#2 /Applications/XAMPP/xamppfiles/htdocs/codeigniter4/Sites/ci4/system/CodeIgniter.php(368): CodeIgniter\CodeIgniter->tryToRouteIt(Object(CodeIgniter\Router\RouteCollection))
#3 /Applications/XAMPP/xamppfiles/htdocs/codeigniter4/Sites/ci4/system/CodeIgniter.php(326): CodeIgniter\CodeIgniter->handleRequest(NULL, Object(Config\Cache), false)
#4 /Applications/XAMPP/xamppfiles/htdocs/codeigniter4/Sites/ci4/public/index.php(37): CodeIgniter\CodeIgniter->run()
#5 /Applications/XAMPP/xamppfiles/htdocs/codeigniter4/Sites/ci4/system/Commands/Server/rewrite.php(43): require_once('/Applications/X...')
#6 {main}
CRITICAL - 2022-06-02 02:46:54 --> syntax error, unexpected token "endforeach", expecting end of file
#0 /Applications/XAMPP/xamppfiles/htdocs/codeigniter4/Sites/ci4/system/View/View.php(213): CodeIgniter\View\View->CodeIgniter\View\{closure}()
#1 /Applications/XAMPP/xamppfiles/htdocs/codeigniter4/Sites/ci4/system/Common.php(1089): CodeIgniter\View\View->render('pages/contact', Array, true)
#2 /Applications/XAMPP/xamppfiles/htdocs/codeigniter4/Sites/ci4/app/Controllers/Pages.php(42): view('pages/contact', Array)
#3 /Applications/XAMPP/xamppfiles/htdocs/codeigniter4/Sites/ci4/system/CodeIgniter.php(832): App\Controllers\Pages->contact()
#4 /Applications/XAMPP/xamppfiles/htdocs/codeigniter4/Sites/ci4/system/CodeIgniter.php(419): CodeIgniter\CodeIgniter->runController(Object(App\Controllers\Pages))
#5 /Applications/XAMPP/xamppfiles/htdocs/codeigniter4/Sites/ci4/system/CodeIgniter.php(326): CodeIgniter\CodeIgniter->handleRequest(NULL, Object(Config\Cache), false)
#6 /Applications/XAMPP/xamppfiles/htdocs/codeigniter4/Sites/ci4/public/index.php(37): CodeIgniter\CodeIgniter->run()
#7 /Applications/XAMPP/xamppfiles/htdocs/codeigniter4/Sites/ci4/system/Commands/Server/rewrite.php(43): require_once('/Applications/X...')
#8 {main}
ERROR - 2022-06-02 06:20:07 --> Error connecting to the database: No such file or directory
CRITICAL - 2022-06-02 06:20:07 --> Unable to connect to the database.
Main connection [MySQLi]: No such file or directory
#0 /Applications/XAMPP/xamppfiles/htdocs/codeigniter4/Sites/ci4/system/Database/BaseConnection.php(577): CodeIgniter\Database\BaseConnection->initialize()
#1 /Applications/XAMPP/xamppfiles/htdocs/codeigniter4/Sites/ci4/app/Controllers/Komik.php(15): CodeIgniter\Database\BaseConnection->query('SELECT * FROM k...')
#2 /Applications/XAMPP/xamppfiles/htdocs/codeigniter4/Sites/ci4/system/CodeIgniter.php(832): App\Controllers\Komik->index()
#3 /Applications/XAMPP/xamppfiles/htdocs/codeigniter4/Sites/ci4/system/CodeIgniter.php(419): CodeIgniter\CodeIgniter->runController(Object(App\Controllers\Komik))
#4 /Applications/XAMPP/xamppfiles/htdocs/codeigniter4/Sites/ci4/system/CodeIgniter.php(326): CodeIgniter\CodeIgniter->handleRequest(NULL, Object(Config\Cache), false)
#5 /Applications/XAMPP/xamppfiles/htdocs/codeigniter4/Sites/ci4/public/index.php(37): CodeIgniter\CodeIgniter->run()
#6 /Applications/XAMPP/xamppfiles/htdocs/codeigniter4/Sites/ci4/system/Commands/Server/rewrite.php(43): require_once('/Applications/X...')
#7 {main}
CRITICAL - 2022-06-02 06:37:18 --> Undefined variable $komikModel
#0 /Applications/XAMPP/xamppfiles/htdocs/codeigniter4/Sites/ci4/app/Controllers/Komik.php(21): CodeIgniter\Debug\Exceptions->errorHandler(2, 'Undefined varia...', '/Applications/X...', 21)
#1 /Applications/XAMPP/xamppfiles/htdocs/codeigniter4/Sites/ci4/system/CodeIgniter.php(832): App\Controllers\Komik->index()
#2 /Applications/XAMPP/xamppfiles/htdocs/codeigniter4/Sites/ci4/system/CodeIgniter.php(419): CodeIgniter\CodeIgniter->runController(Object(App\Controllers\Komik))
#3 /Applications/XAMPP/xamppfiles/htdocs/codeigniter4/Sites/ci4/system/CodeIgniter.php(326): CodeIgniter\CodeIgniter->handleRequest(NULL, Object(Config\Cache), false)
#4 /Applications/XAMPP/xamppfiles/htdocs/codeigniter4/Sites/ci4/public/index.php(37): CodeIgniter\CodeIgniter->run()
#5 /Applications/XAMPP/xamppfiles/htdocs/codeigniter4/Sites/ci4/system/Commands/Server/rewrite.php(43): require_once('/Applications/X...')
#6 {main}
CRITICAL - 2022-06-02 08:05:43 --> Undefined variable $routees
#0 /Applications/XAMPP/xamppfiles/htdocs/codeigniter4/Sites/ci4/app/Config/Routes.php(42): CodeIgniter\Debug\Exceptions->errorHandler(2, 'Undefined varia...', '/Applications/X...', 42)
#1 /Applications/XAMPP/xamppfiles/htdocs/codeigniter4/Sites/ci4/system/CodeIgniter.php(713): require('/Applications/X...')
#2 /Applications/XAMPP/xamppfiles/htdocs/codeigniter4/Sites/ci4/system/CodeIgniter.php(368): CodeIgniter\CodeIgniter->tryToRouteIt(Object(CodeIgniter\Router\RouteCollection))
#3 /Applications/XAMPP/xamppfiles/htdocs/codeigniter4/Sites/ci4/system/CodeIgniter.php(326): CodeIgniter\CodeIgniter->handleRequest(NULL, Object(Config\Cache), false)
#4 /Applications/XAMPP/xamppfiles/htdocs/codeigniter4/Sites/ci4/public/index.php(37): CodeIgniter\CodeIgniter->run()
#5 /Applications/XAMPP/xamppfiles/htdocs/codeigniter4/Sites/ci4/system/Commands/Server/rewrite.php(43): require_once('/Applications/X...')
#6 {main}
CRITICAL - 2022-06-02 08:07:39 --> Undefined variable $routees
#0 /Applications/XAMPP/xamppfiles/htdocs/codeigniter4/Sites/ci4/app/Config/Routes.php(42): CodeIgniter\Debug\Exceptions->errorHandler(2, 'Undefined varia...', '/Applications/X...', 42)
#1 /Applications/XAMPP/xamppfiles/htdocs/codeigniter4/Sites/ci4/system/CodeIgniter.php(713): require('/Applications/X...')
#2 /Applications/XAMPP/xamppfiles/htdocs/codeigniter4/Sites/ci4/system/CodeIgniter.php(368): CodeIgniter\CodeIgniter->tryToRouteIt(Object(CodeIgniter\Router\RouteCollection))
#3 /Applications/XAMPP/xamppfiles/htdocs/codeigniter4/Sites/ci4/system/CodeIgniter.php(326): CodeIgniter\CodeIgniter->handleRequest(NULL, Object(Config\Cache), false)
#4 /Applications/XAMPP/xamppfiles/htdocs/codeigniter4/Sites/ci4/public/index.php(37): CodeIgniter\CodeIgniter->run()
#5 /Applications/XAMPP/xamppfiles/htdocs/codeigniter4/Sites/ci4/system/Commands/Server/rewrite.php(43): require_once('/Applications/X...')
#6 {main}
CRITICAL - 2022-06-02 08:07:42 --> Undefined variable $routees
#0 /Applications/XAMPP/xamppfiles/htdocs/codeigniter4/Sites/ci4/app/Config/Routes.php(42): CodeIgniter\Debug\Exceptions->errorHandler(2, 'Undefined varia...', '/Applications/X...', 42)
#1 /Applications/XAMPP/xamppfiles/htdocs/codeigniter4/Sites/ci4/system/CodeIgniter.php(713): require('/Applications/X...')
#2 /Applications/XAMPP/xamppfiles/htdocs/codeigniter4/Sites/ci4/system/CodeIgniter.php(368): CodeIgniter\CodeIgniter->tryToRouteIt(Object(CodeIgniter\Router\RouteCollection))
#3 /Applications/XAMPP/xamppfiles/htdocs/codeigniter4/Sites/ci4/system/CodeIgniter.php(326): CodeIgniter\CodeIgniter->handleRequest(NULL, Object(Config\Cache), false)
#4 /Applications/XAMPP/xamppfiles/htdocs/codeigniter4/Sites/ci4/public/index.php(37): CodeIgniter\CodeIgniter->run()
#5 /Applications/XAMPP/xamppfiles/htdocs/codeigniter4/Sites/ci4/system/Commands/Server/rewrite.php(43): require_once('/Applications/X...')
#6 {main}
CRITICAL - 2022-06-02 08:07:44 --> Undefined variable $routees
#0 /Applications/XAMPP/xamppfiles/htdocs/codeigniter4/Sites/ci4/app/Config/Routes.php(42): CodeIgniter\Debug\Exceptions->errorHandler(2, 'Undefined varia...', '/Applications/X...', 42)
#1 /Applications/XAMPP/xamppfiles/htdocs/codeigniter4/Sites/ci4/system/CodeIgniter.php(713): require('/Applications/X...')
#2 /Applications/XAMPP/xamppfiles/htdocs/codeigniter4/Sites/ci4/system/CodeIgniter.php(368): CodeIgniter\CodeIgniter->tryToRouteIt(Object(CodeIgniter\Router\RouteCollection))
#3 /Applications/XAMPP/xamppfiles/htdocs/codeigniter4/Sites/ci4/system/CodeIgniter.php(326): CodeIgniter\CodeIgniter->handleRequest(NULL, Object(Config\Cache), false)
#4 /Applications/XAMPP/xamppfiles/htdocs/codeigniter4/Sites/ci4/public/index.php(37): CodeIgniter\CodeIgniter->run()
#5 /Applications/XAMPP/xamppfiles/htdocs/codeigniter4/Sites/ci4/system/Commands/Server/rewrite.php(43): require_once('/Applications/X...')
#6 {main}
CRITICAL - 2022-06-02 08:50:10 --> Undefined variable $komil
#0 /Applications/XAMPP/xamppfiles/htdocs/codeigniter4/Sites/ci4/app/Views/komik/detail.php(5): CodeIgniter\Debug\Exceptions->errorHandler(2, 'Undefined varia...', '/Applications/X...', 5)
#1 /Applications/XAMPP/xamppfiles/htdocs/codeigniter4/Sites/ci4/system/View/View.php(210): include('/Applications/X...')
#2 /Applications/XAMPP/xamppfiles/htdocs/codeigniter4/Sites/ci4/system/View/View.php(213): CodeIgniter\View\View->CodeIgniter\View\{closure}()
#3 /Applications/XAMPP/xamppfiles/htdocs/codeigniter4/Sites/ci4/system/Common.php(1089): CodeIgniter\View\View->render('komik/detail', Array, true)
#4 /Applications/XAMPP/xamppfiles/htdocs/codeigniter4/Sites/ci4/app/Controllers/Komik.php(32): view('komik/detail', Array)
#5 /Applications/XAMPP/xamppfiles/htdocs/codeigniter4/Sites/ci4/system/CodeIgniter.php(832): App\Controllers\Komik->detail('naruto')
#6 /Applications/XAMPP/xamppfiles/htdocs/codeigniter4/Sites/ci4/system/CodeIgniter.php(419): CodeIgniter\CodeIgniter->runController(Object(App\Controllers\Komik))
#7 /Applications/XAMPP/xamppfiles/htdocs/codeigniter4/Sites/ci4/system/CodeIgniter.php(326): CodeIgniter\CodeIgniter->handleRequest(NULL, Object(Config\Cache), false)
#8 /Applications/XAMPP/xamppfiles/htdocs/codeigniter4/Sites/ci4/public/index.php(37): CodeIgniter\CodeIgniter->run()
#9 /Applications/XAMPP/xamppfiles/htdocs/codeigniter4/Sites/ci4/system/Commands/Server/rewrite.php(43): require_once('/Applications/X...')
#10 {main}
CRITICAL - 2022-06-02 08:50:21 --> Trying to access array offset on value of type null
#0 /Applications/XAMPP/xamppfiles/htdocs/codeigniter4/Sites/ci4/app/Views/komik/detail.php(5): CodeIgniter\Debug\Exceptions->errorHandler(2, 'Trying to acces...', '/Applications/X...', 5)
#1 /Applications/XAMPP/xamppfiles/htdocs/codeigniter4/Sites/ci4/system/View/View.php(210): include('/Applications/X...')
#2 /Applications/XAMPP/xamppfiles/htdocs/codeigniter4/Sites/ci4/system/View/View.php(213): CodeIgniter\View\View->CodeIgniter\View\{closure}()
#3 /Applications/XAMPP/xamppfiles/htdocs/codeigniter4/Sites/ci4/system/Common.php(1089): CodeIgniter\View\View->render('komik/detail', Array, true)
#4 /Applications/XAMPP/xamppfiles/htdocs/codeigniter4/Sites/ci4/app/Controllers/Komik.php(32): view('komik/detail', Array)
#5 /Applications/XAMPP/xamppfiles/htdocs/codeigniter4/Sites/ci4/system/CodeIgniter.php(832): App\Controllers\Komik->detail('naruto1.jpg')
#6 /Applications/XAMPP/xamppfiles/htdocs/codeigniter4/Sites/ci4/system/CodeIgniter.php(419): CodeIgniter\CodeIgniter->runController(Object(App\Controllers\Komik))
#7 /Applications/XAMPP/xamppfiles/htdocs/codeigniter4/Sites/ci4/system/CodeIgniter.php(326): CodeIgniter\CodeIgniter->handleRequest(NULL, Object(Config\Cache), false)
#8 /Applications/XAMPP/xamppfiles/htdocs/codeigniter4/Sites/ci4/public/index.php(37): CodeIgniter\CodeIgniter->run()
#9 /Applications/XAMPP/xamppfiles/htdocs/codeigniter4/Sites/ci4/system/Commands/Server/rewrite.php(43): require_once('/Applications/X...')
#10 {main}
CRITICAL - 2022-06-02 08:50:27 --> Trying to access array offset on value of type null
#0 /Applications/XAMPP/xamppfiles/htdocs/codeigniter4/Sites/ci4/app/Views/komik/detail.php(5): CodeIgniter\Debug\Exceptions->errorHandler(2, 'Trying to acces...', '/Applications/X...', 5)
#1 /Applications/XAMPP/xamppfiles/htdocs/codeigniter4/Sites/ci4/system/View/View.php(210): include('/Applications/X...')
#2 /Applications/XAMPP/xamppfiles/htdocs/codeigniter4/Sites/ci4/system/View/View.php(213): CodeIgniter\View\View->CodeIgniter\View\{closure}()
#3 /Applications/XAMPP/xamppfiles/htdocs/codeigniter4/Sites/ci4/system/Common.php(1089): CodeIgniter\View\View->render('komik/detail', Array, true)
#4 /Applications/XAMPP/xamppfiles/htdocs/codeigniter4/Sites/ci4/app/Controllers/Komik.php(32): view('komik/detail', Array)
#5 /Applications/XAMPP/xamppfiles/htdocs/codeigniter4/Sites/ci4/system/CodeIgniter.php(832): App\Controllers\Komik->detail('naruto1.jpg')
#6 /Applications/XAMPP/xamppfiles/htdocs/codeigniter4/Sites/ci4/system/CodeIgniter.php(419): CodeIgniter\CodeIgniter->runController(Object(App\Controllers\Komik))
#7 /Applications/XAMPP/xamppfiles/htdocs/codeigniter4/Sites/ci4/system/CodeIgniter.php(326): CodeIgniter\CodeIgniter->handleRequest(NULL, Object(Config\Cache), false)
#8 /Applications/XAMPP/xamppfiles/htdocs/codeigniter4/Sites/ci4/public/index.php(37): CodeIgniter\CodeIgniter->run()
#9 /Applications/XAMPP/xamppfiles/htdocs/codeigniter4/Sites/ci4/system/Commands/Server/rewrite.php(43): require_once('/Applications/X...')
#10 {main}
CRITICAL - 2022-06-02 08:55:03 --> Trying to access array offset on value of type null
#0 /Applications/XAMPP/xamppfiles/htdocs/codeigniter4/Sites/ci4/app/Views/komik/detail.php(18): CodeIgniter\Debug\Exceptions->errorHandler(2, 'Trying to acces...', '/Applications/X...', 18)
#1 /Applications/XAMPP/xamppfiles/htdocs/codeigniter4/Sites/ci4/system/View/View.php(210): include('/Applications/X...')
#2 /Applications/XAMPP/xamppfiles/htdocs/codeigniter4/Sites/ci4/system/View/View.php(213): CodeIgniter\View\View->CodeIgniter\View\{closure}()
#3 /Applications/XAMPP/xamppfiles/htdocs/codeigniter4/Sites/ci4/system/Common.php(1089): CodeIgniter\View\View->render('komik/detail', Array, true)
#4 /Applications/XAMPP/xamppfiles/htdocs/codeigniter4/Sites/ci4/app/Controllers/Komik.php(32): view('komik/detail', Array)
#5 /Applications/XAMPP/xamppfiles/htdocs/codeigniter4/Sites/ci4/system/CodeIgniter.php(832): App\Controllers\Komik->detail('...')
#6 /Applications/XAMPP/xamppfiles/htdocs/codeigniter4/Sites/ci4/system/CodeIgniter.php(419): CodeIgniter\CodeIgniter->runController(Object(App\Controllers\Komik))
#7 /Applications/XAMPP/xamppfiles/htdocs/codeigniter4/Sites/ci4/system/CodeIgniter.php(326): CodeIgniter\CodeIgniter->handleRequest(NULL, Object(Config\Cache), false)
#8 /Applications/XAMPP/xamppfiles/htdocs/codeigniter4/Sites/ci4/public/index.php(37): CodeIgniter\CodeIgniter->run()
#9 /Applications/XAMPP/xamppfiles/htdocs/codeigniter4/Sites/ci4/system/Commands/Server/rewrite.php(43): require_once('/Applications/X...')
#10 {main}
CRITICAL - 2022-06-02 09:00:36 --> Trying to access array offset on value of type null
#0 /Applications/XAMPP/xamppfiles/htdocs/codeigniter4/Sites/ci4/app/Views/komik/detail.php(10): CodeIgniter\Debug\Exceptions->errorHandler(2, 'Trying to acces...', '/Applications/X...', 10)
#1 /Applications/XAMPP/xamppfiles/htdocs/codeigniter4/Sites/ci4/system/View/View.php(210): include('/Applications/X...')
#2 /Applications/XAMPP/xamppfiles/htdocs/codeigniter4/Sites/ci4/system/View/View.php(213): CodeIgniter\View\View->CodeIgniter\View\{closure}()
#3 /Applications/XAMPP/xamppfiles/htdocs/codeigniter4/Sites/ci4/system/Common.php(1089): CodeIgniter\View\View->render('komik/detail', Array, true)
#4 /Applications/XAMPP/xamppfiles/htdocs/codeigniter4/Sites/ci4/app/Controllers/Komik.php(32): view('komik/detail', Array)
#5 /Applications/XAMPP/xamppfiles/htdocs/codeigniter4/Sites/ci4/system/CodeIgniter.php(832): App\Controllers\Komik->detail('...')
#6 /Applications/XAMPP/xamppfiles/htdocs/codeigniter4/Sites/ci4/system/CodeIgniter.php(419): CodeIgniter\CodeIgniter->runController(Object(App\Controllers\Komik))
#7 /Applications/XAMPP/xamppfiles/htdocs/codeigniter4/Sites/ci4/system/CodeIgniter.php(326): CodeIgniter\CodeIgniter->handleRequest(NULL, Object(Config\Cache), false)
#8 /Applications/XAMPP/xamppfiles/htdocs/codeigniter4/Sites/ci4/public/index.php(37): CodeIgniter\CodeIgniter->run()
#9 /Applications/XAMPP/xamppfiles/htdocs/codeigniter4/Sites/ci4/system/Commands/Server/rewrite.php(43): require_once('/Applications/X...')
#10 {main}
CRITICAL - 2022-06-02 09:02:05 --> Undefined array key "detail"
#0 /Applications/XAMPP/xamppfiles/htdocs/codeigniter4/Sites/ci4/app/Views/komik/detail.php(24): CodeIgniter\Debug\Exceptions->errorHandler(2, 'Undefined array...', '/Applications/X...', 24)
#1 /Applications/XAMPP/xamppfiles/htdocs/codeigniter4/Sites/ci4/system/View/View.php(210): include('/Applications/X...')
#2 /Applications/XAMPP/xamppfiles/htdocs/codeigniter4/Sites/ci4/system/View/View.php(213): CodeIgniter\View\View->CodeIgniter\View\{closure}()
#3 /Applications/XAMPP/xamppfiles/htdocs/codeigniter4/Sites/ci4/system/Common.php(1089): CodeIgniter\View\View->render('komik/detail', Array, true)
#4 /Applications/XAMPP/xamppfiles/htdocs/codeigniter4/Sites/ci4/app/Controllers/Komik.php(32): view('komik/detail', Array)
#5 /Applications/XAMPP/xamppfiles/htdocs/codeigniter4/Sites/ci4/system/CodeIgniter.php(832): App\Controllers\Komik->detail('naruto')
#6 /Applications/XAMPP/xamppfiles/htdocs/codeigniter4/Sites/ci4/system/CodeIgniter.php(419): CodeIgniter\CodeIgniter->runController(Object(App\Controllers\Komik))
#7 /Applications/XAMPP/xamppfiles/htdocs/codeigniter4/Sites/ci4/system/CodeIgniter.php(326): CodeIgniter\CodeIgniter->handleRequest(NULL, Object(Config\Cache), false)
#8 /Applications/XAMPP/xamppfiles/htdocs/codeigniter4/Sites/ci4/public/index.php(37): CodeIgniter\CodeIgniter->run()
#9 /Applications/XAMPP/xamppfiles/htdocs/codeigniter4/Sites/ci4/system/Commands/Server/rewrite.php(43): require_once('/Applications/X...')
#10 {main}
CRITICAL - 2022-06-02 09:45:02 --> Trying to access array offset on value of type null
#0 /Applications/XAMPP/xamppfiles/htdocs/codeigniter4/Sites/ci4/app/Views/komik/detail.php(12): CodeIgniter\Debug\Exceptions->errorHandler(2, 'Trying to acces...', '/Applications/X...', 12)
#1 /Applications/XAMPP/xamppfiles/htdocs/codeigniter4/Sites/ci4/system/View/View.php(210): include('/Applications/X...')
#2 /Applications/XAMPP/xamppfiles/htdocs/codeigniter4/Sites/ci4/system/View/View.php(213): CodeIgniter\View\View->CodeIgniter\View\{closure}()
#3 /Applications/XAMPP/xamppfiles/htdocs/codeigniter4/Sites/ci4/system/Common.php(1089): CodeIgniter\View\View->render('komik/detail', Array, true)
#4 /Applications/XAMPP/xamppfiles/htdocs/codeigniter4/Sites/ci4/app/Controllers/Komik.php(33): view('komik/detail', Array)
#5 /Applications/XAMPP/xamppfiles/htdocs/codeigniter4/Sites/ci4/system/CodeIgniter.php(832): App\Controllers\Komik->detail('create')
#6 /Applications/XAMPP/xamppfiles/htdocs/codeigniter4/Sites/ci4/system/CodeIgniter.php(419): CodeIgniter\CodeIgniter->runController(Object(App\Controllers\Komik))
#7 /Applications/XAMPP/xamppfiles/htdocs/codeigniter4/Sites/ci4/system/CodeIgniter.php(326): CodeIgniter\CodeIgniter->handleRequest(NULL, Object(Config\Cache), false)
#8 /Applications/XAMPP/xamppfiles/htdocs/codeigniter4/Sites/ci4/public/index.php(37): CodeIgniter\CodeIgniter->run()
#9 /Applications/XAMPP/xamppfiles/htdocs/codeigniter4/Sites/ci4/system/Commands/Server/rewrite.php(43): require_once('/Applications/X...')
#10 {main}
CRITICAL - 2022-06-02 09:45:36 --> Trying to access array offset on value of type null
#0 /Applications/XAMPP/xamppfiles/htdocs/codeigniter4/Sites/ci4/app/Views/komik/detail.php(12): CodeIgniter\Debug\Exceptions->errorHandler(2, 'Trying to acces...', '/Applications/X...', 12)
#1 /Applications/XAMPP/xamppfiles/htdocs/codeigniter4/Sites/ci4/system/View/View.php(210): include('/Applications/X...')
#2 /Applications/XAMPP/xamppfiles/htdocs/codeigniter4/Sites/ci4/system/View/View.php(213): CodeIgniter\View\View->CodeIgniter\View\{closure}()
#3 /Applications/XAMPP/xamppfiles/htdocs/codeigniter4/Sites/ci4/system/Common.php(1089): CodeIgniter\View\View->render('komik/detail', Array, true)
#4 /Applications/XAMPP/xamppfiles/htdocs/codeigniter4/Sites/ci4/app/Controllers/Komik.php(33): view('komik/detail', Array)
#5 /Applications/XAMPP/xamppfiles/htdocs/codeigniter4/Sites/ci4/system/CodeIgniter.php(832): App\Controllers\Komik->detail('create')
#6 /Applications/XAMPP/xamppfiles/htdocs/codeigniter4/Sites/ci4/system/CodeIgniter.php(419): CodeIgniter\CodeIgniter->runController(Object(App\Controllers\Komik))
#7 /Applications/XAMPP/xamppfiles/htdocs/codeigniter4/Sites/ci4/system/CodeIgniter.php(326): CodeIgniter\CodeIgniter->handleRequest(NULL, Object(Config\Cache), false)
#8 /Applications/XAMPP/xamppfiles/htdocs/codeigniter4/Sites/ci4/public/index.php(37): CodeIgniter\CodeIgniter->run()
#9 /Applications/XAMPP/xamppfiles/htdocs/codeigniter4/Sites/ci4/system/Commands/Server/rewrite.php(43): require_once('/Applications/X...')
#10 {main}
CRITICAL - 2022-06-02 09:45:53 --> Trying to access array offset on value of type null
#0 /Applications/XAMPP/xamppfiles/htdocs/codeigniter4/Sites/ci4/app/Views/komik/detail.php(12): CodeIgniter\Debug\Exceptions->errorHandler(2, 'Trying to acces...', '/Applications/X...', 12)
#1 /Applications/XAMPP/xamppfiles/htdocs/codeigniter4/Sites/ci4/system/View/View.php(210): include('/Applications/X...')
#2 /Applications/XAMPP/xamppfiles/htdocs/codeigniter4/Sites/ci4/system/View/View.php(213): CodeIgniter\View\View->CodeIgniter\View\{closure}()
#3 /Applications/XAMPP/xamppfiles/htdocs/codeigniter4/Sites/ci4/system/Common.php(1089): CodeIgniter\View\View->render('komik/detail', Array, true)
#4 /Applications/XAMPP/xamppfiles/htdocs/codeigniter4/Sites/ci4/app/Controllers/Komik.php(33): view('komik/detail', Array)
#5 /Applications/XAMPP/xamppfiles/htdocs/codeigniter4/Sites/ci4/system/CodeIgniter.php(832): App\Controllers\Komik->detail('create')
#6 /Applications/XAMPP/xamppfiles/htdocs/codeigniter4/Sites/ci4/system/CodeIgniter.php(419): CodeIgniter\CodeIgniter->runController(Object(App\Controllers\Komik))
#7 /Applications/XAMPP/xamppfiles/htdocs/codeigniter4/Sites/ci4/system/CodeIgniter.php(326): CodeIgniter\CodeIgniter->handleRequest(NULL, Object(Config\Cache), false)
#8 /Applications/XAMPP/xamppfiles/htdocs/codeigniter4/Sites/ci4/public/index.php(37): CodeIgniter\CodeIgniter->run()
#9 /Applications/XAMPP/xamppfiles/htdocs/codeigniter4/Sites/ci4/system/Commands/Server/rewrite.php(43): require_once('/Applications/X...')
#10 {main}
CRITICAL - 2022-06-02 09:49:20 --> Trying to access array offset on value of type null
#0 /Applications/XAMPP/xamppfiles/htdocs/codeigniter4/Sites/ci4/app/Views/komik/detail.php(12): CodeIgniter\Debug\Exceptions->errorHandler(2, 'Trying to acces...', '/Applications/X...', 12)
#1 /Applications/XAMPP/xamppfiles/htdocs/codeigniter4/Sites/ci4/system/View/View.php(210): include('/Applications/X...')
#2 /Applications/XAMPP/xamppfiles/htdocs/codeigniter4/Sites/ci4/system/View/View.php(213): CodeIgniter\View\View->CodeIgniter\View\{closure}()
#3 /Applications/XAMPP/xamppfiles/htdocs/codeigniter4/Sites/ci4/system/Common.php(1089): CodeIgniter\View\View->render('komik/detail', Array, true)
#4 /Applications/XAMPP/xamppfiles/htdocs/codeigniter4/Sites/ci4/app/Controllers/Komik.php(33): view('komik/detail', Array)
#5 /Applications/XAMPP/xamppfiles/htdocs/codeigniter4/Sites/ci4/system/CodeIgniter.php(832): App\Controllers\Komik->detail('create')
#6 /Applications/XAMPP/xamppfiles/htdocs/codeigniter4/Sites/ci4/system/CodeIgniter.php(419): CodeIgniter\CodeIgniter->runController(Object(App\Controllers\Komik))
#7 /Applications/XAMPP/xamppfiles/htdocs/codeigniter4/Sites/ci4/system/CodeIgniter.php(326): CodeIgniter\CodeIgniter->handleRequest(NULL, Object(Config\Cache), false)
#8 /Applications/XAMPP/xamppfiles/htdocs/codeigniter4/Sites/ci4/public/index.php(37): CodeIgniter\CodeIgniter->run()
#9 /Applications/XAMPP/xamppfiles/htdocs/codeigniter4/Sites/ci4/system/Commands/Server/rewrite.php(43): require_once('/Applications/X...')
#10 {main}
CRITICAL - 2022-06-02 09:52:15 --> Trying to access array offset on value of type null
#0 /Applications/XAMPP/xamppfiles/htdocs/codeigniter4/Sites/ci4/app/Views/komik/detail.php(12): CodeIgniter\Debug\Exceptions->errorHandler(2, 'Trying to acces...', '/Applications/X...', 12)
#1 /Applications/XAMPP/xamppfiles/htdocs/codeigniter4/Sites/ci4/system/View/View.php(210): include('/Applications/X...')
#2 /Applications/XAMPP/xamppfiles/htdocs/codeigniter4/Sites/ci4/system/View/View.php(213): CodeIgniter\View\View->CodeIgniter\View\{closure}()
#3 /Applications/XAMPP/xamppfiles/htdocs/codeigniter4/Sites/ci4/system/Common.php(1089): CodeIgniter\View\View->render('komik/detail', Array, true)
#4 /Applications/XAMPP/xamppfiles/htdocs/codeigniter4/Sites/ci4/app/Controllers/Komik.php(33): view('komik/detail', Array)
#5 /Applications/XAMPP/xamppfiles/htdocs/codeigniter4/Sites/ci4/system/CodeIgniter.php(832): App\Controllers\Komik->detail('create')
#6 /Applications/XAMPP/xamppfiles/htdocs/codeigniter4/Sites/ci4/system/CodeIgniter.php(419): CodeIgniter\CodeIgniter->runController(Object(App\Controllers\Komik))
#7 /Applications/XAMPP/xamppfiles/htdocs/codeigniter4/Sites/ci4/system/CodeIgniter.php(326): CodeIgniter\CodeIgniter->handleRequest(NULL, Object(Config\Cache), false)
#8 /Applications/XAMPP/xamppfiles/htdocs/codeigniter4/Sites/ci4/public/index.php(37): CodeIgniter\CodeIgniter->run()
#9 /Applications/XAMPP/xamppfiles/htdocs/codeigniter4/Sites/ci4/system/Commands/Server/rewrite.php(43): require_once('/Applications/X...')
#10 {main}
CRITICAL - 2022-06-02 09:52:21 --> Trying to access array offset on value of type null
#0 /Applications/XAMPP/xamppfiles/htdocs/codeigniter4/Sites/ci4/app/Views/komik/detail.php(12): CodeIgniter\Debug\Exceptions->errorHandler(2, 'Trying to acces...', '/Applications/X...', 12)
#1 /Applications/XAMPP/xamppfiles/htdocs/codeigniter4/Sites/ci4/system/View/View.php(210): include('/Applications/X...')
#2 /Applications/XAMPP/xamppfiles/htdocs/codeigniter4/Sites/ci4/system/View/View.php(213): CodeIgniter\View\View->CodeIgniter\View\{closure}()
#3 /Applications/XAMPP/xamppfiles/htdocs/codeigniter4/Sites/ci4/system/Common.php(1089): CodeIgniter\View\View->render('komik/detail', Array, true)
#4 /Applications/XAMPP/xamppfiles/htdocs/codeigniter4/Sites/ci4/app/Controllers/Komik.php(33): view('komik/detail', Array)
#5 /Applications/XAMPP/xamppfiles/htdocs/codeigniter4/Sites/ci4/system/CodeIgniter.php(832): App\Controllers\Komik->detail('create')
#6 /Applications/XAMPP/xamppfiles/htdocs/codeigniter4/Sites/ci4/system/CodeIgniter.php(419): CodeIgniter\CodeIgniter->runController(Object(App\Controllers\Komik))
#7 /Applications/XAMPP/xamppfiles/htdocs/codeigniter4/Sites/ci4/system/CodeIgniter.php(326): CodeIgniter\CodeIgniter->handleRequest(NULL, Object(Config\Cache), false)
#8 /Applications/XAMPP/xamppfiles/htdocs/codeigniter4/Sites/ci4/public/index.php(37): CodeIgniter\CodeIgniter->run()
#9 /Applications/XAMPP/xamppfiles/htdocs/codeigniter4/Sites/ci4/system/Commands/Server/rewrite.php(43): require_once('/Applications/X...')
#10 {main}
CRITICAL - 2022-06-02 09:53:20 --> Trying to access array offset on value of type null
#0 /Applications/XAMPP/xamppfiles/htdocs/codeigniter4/Sites/ci4/app/Views/komik/detail.php(12): CodeIgniter\Debug\Exceptions->errorHandler(2, 'Trying to acces...', '/Applications/X...', 12)
#1 /Applications/XAMPP/xamppfiles/htdocs/codeigniter4/Sites/ci4/system/View/View.php(210): include('/Applications/X...')
#2 /Applications/XAMPP/xamppfiles/htdocs/codeigniter4/Sites/ci4/system/View/View.php(213): CodeIgniter\View\View->CodeIgniter\View\{closure}()
#3 /Applications/XAMPP/xamppfiles/htdocs/codeigniter4/Sites/ci4/system/Common.php(1089): CodeIgniter\View\View->render('komik/detail', Array, true)
#4 /Applications/XAMPP/xamppfiles/htdocs/codeigniter4/Sites/ci4/app/Controllers/Komik.php(33): view('komik/detail', Array)
#5 /Applications/XAMPP/xamppfiles/htdocs/codeigniter4/Sites/ci4/system/CodeIgniter.php(832): App\Controllers\Komik->detail('create')
#6 /Applications/XAMPP/xamppfiles/htdocs/codeigniter4/Sites/ci4/system/CodeIgniter.php(419): CodeIgniter\CodeIgniter->runController(Object(App\Controllers\Komik))
#7 /Applications/XAMPP/xamppfiles/htdocs/codeigniter4/Sites/ci4/system/CodeIgniter.php(326): CodeIgniter\CodeIgniter->handleRequest(NULL, Object(Config\Cache), false)
#8 /Applications/XAMPP/xamppfiles/htdocs/codeigniter4/Sites/ci4/public/index.php(37): CodeIgniter\CodeIgniter->run()
#9 /Applications/XAMPP/xamppfiles/htdocs/codeigniter4/Sites/ci4/system/Commands/Server/rewrite.php(43): require_once('/Applications/X...')
#10 {main}
CRITICAL - 2022-06-02 09:53:23 --> Undefined variable $thiis
#0 /Applications/XAMPP/xamppfiles/htdocs/codeigniter4/Sites/ci4/app/Views/komik/create.php(11): CodeIgniter\Debug\Exceptions->errorHandler(2, 'Undefined varia...', '/Applications/X...', 11)
#1 /Applications/XAMPP/xamppfiles/htdocs/codeigniter4/Sites/ci4/system/View/View.php(210): include('/Applications/X...')
#2 /Applications/XAMPP/xamppfiles/htdocs/codeigniter4/Sites/ci4/system/View/View.php(213): CodeIgniter\View\View->CodeIgniter\View\{closure}()
#3 /Applications/XAMPP/xamppfiles/htdocs/codeigniter4/Sites/ci4/system/Common.php(1089): CodeIgniter\View\View->render('komik/create', Array, true)
#4 /Applications/XAMPP/xamppfiles/htdocs/codeigniter4/Sites/ci4/app/Controllers/Komik.php(42): view('komik/create', Array)
#5 /Applications/XAMPP/xamppfiles/htdocs/codeigniter4/Sites/ci4/system/CodeIgniter.php(832): App\Controllers\Komik->create()
#6 /Applications/XAMPP/xamppfiles/htdocs/codeigniter4/Sites/ci4/system/CodeIgniter.php(419): CodeIgniter\CodeIgniter->runController(Object(App\Controllers\Komik))
#7 /Applications/XAMPP/xamppfiles/htdocs/codeigniter4/Sites/ci4/system/CodeIgniter.php(326): CodeIgniter\CodeIgniter->handleRequest(NULL, Object(Config\Cache), false)
#8 /Applications/XAMPP/xamppfiles/htdocs/codeigniter4/Sites/ci4/public/index.php(37): CodeIgniter\CodeIgniter->run()
#9 /Applications/XAMPP/xamppfiles/htdocs/codeigniter4/Sites/ci4/system/Commands/Server/rewrite.php(43): require_once('/Applications/X...')
#10 {main}
CRITICAL - 2022-06-02 10:10:31 --> Undefined variable $csrf_field
#0 /Applications/XAMPP/xamppfiles/htdocs/codeigniter4/Sites/ci4/app/Views/komik/create.php(9): CodeIgniter\Debug\Exceptions->errorHandler(2, 'Undefined varia...', '/Applications/X...', 9)
#1 /Applications/XAMPP/xamppfiles/htdocs/codeigniter4/Sites/ci4/system/View/View.php(210): include('/Applications/X...')
#2 /Applications/XAMPP/xamppfiles/htdocs/codeigniter4/Sites/ci4/system/View/View.php(213): CodeIgniter\View\View->CodeIgniter\View\{closure}()
#3 /Applications/XAMPP/xamppfiles/htdocs/codeigniter4/Sites/ci4/system/Common.php(1089): CodeIgniter\View\View->render('komik/create', Array, true)
#4 /Applications/XAMPP/xamppfiles/htdocs/codeigniter4/Sites/ci4/app/Controllers/Komik.php(42): view('komik/create', Array)
#5 /Applications/XAMPP/xamppfiles/htdocs/codeigniter4/Sites/ci4/system/CodeIgniter.php(832): App\Controllers\Komik->create()
#6 /Applications/XAMPP/xamppfiles/htdocs/codeigniter4/Sites/ci4/system/CodeIgniter.php(419): CodeIgniter\CodeIgniter->runController(Object(App\Controllers\Komik))
#7 /Applications/XAMPP/xamppfiles/htdocs/codeigniter4/Sites/ci4/system/CodeIgniter.php(326): CodeIgniter\CodeIgniter->handleRequest(NULL, Object(Config\Cache), false)
#8 /Applications/XAMPP/xamppfiles/htdocs/codeigniter4/Sites/ci4/public/index.php(37): CodeIgniter\CodeIgniter->run()
#9 /Applications/XAMPP/xamppfiles/htdocs/codeigniter4/Sites/ci4/system/Commands/Server/rewrite.php(43): require_once('/Applications/X...')
#10 {main}
CRITICAL - 2022-06-02 10:16:26 --> Trying to access array offset on value of type null
#0 /Applications/XAMPP/xamppfiles/htdocs/codeigniter4/Sites/ci4/app/Views/komik/detail.php(12): CodeIgniter\Debug\Exceptions->errorHandler(2, 'Trying to acces...', '/Applications/X...', 12)
#1 /Applications/XAMPP/xamppfiles/htdocs/codeigniter4/Sites/ci4/system/View/View.php(210): include('/Applications/X...')
#2 /Applications/XAMPP/xamppfiles/htdocs/codeigniter4/Sites/ci4/system/View/View.php(213): CodeIgniter\View\View->CodeIgniter\View\{closure}()
#3 /Applications/XAMPP/xamppfiles/htdocs/codeigniter4/Sites/ci4/system/Common.php(1089): CodeIgniter\View\View->render('komik/detail', Array, true)
#4 /Applications/XAMPP/xamppfiles/htdocs/codeigniter4/Sites/ci4/app/Controllers/Komik.php(33): view('komik/detail', Array)
#5 /Applications/XAMPP/xamppfiles/htdocs/codeigniter4/Sites/ci4/system/CodeIgniter.php(832): App\Controllers\Komik->detail('save')
#6 /Applications/XAMPP/xamppfiles/htdocs/codeigniter4/Sites/ci4/system/CodeIgniter.php(419): CodeIgniter\CodeIgniter->runController(Object(App\Controllers\Komik))
#7 /Applications/XAMPP/xamppfiles/htdocs/codeigniter4/Sites/ci4/system/CodeIgniter.php(326): CodeIgniter\CodeIgniter->handleRequest(NULL, Object(Config\Cache), false)
#8 /Applications/XAMPP/xamppfiles/htdocs/codeigniter4/Sites/ci4/public/index.php(37): CodeIgniter\CodeIgniter->run()
#9 /Applications/XAMPP/xamppfiles/htdocs/codeigniter4/Sites/ci4/system/Commands/Server/rewrite.php(43): require_once('/Applications/X...')
#10 {main}
CRITICAL - 2022-06-02 10:41:46 --> Allowed fields must be specified for model: App\Models\KomikModel
#0 /Applications/XAMPP/xamppfiles/htdocs/codeigniter4/Sites/ci4/system/BaseModel.php(1138): CodeIgniter\Database\Exceptions\DataException::forInvalidAllowedFields('App\\Models\\Komi...')
#1 /Applications/XAMPP/xamppfiles/htdocs/codeigniter4/Sites/ci4/system/BaseModel.php(713): CodeIgniter\BaseModel->doProtectFields(Array)
#2 /Applications/XAMPP/xamppfiles/htdocs/codeigniter4/Sites/ci4/system/Model.php(625): CodeIgniter\BaseModel->insert(Array, false)
#3 /Applications/XAMPP/xamppfiles/htdocs/codeigniter4/Sites/ci4/system/BaseModel.php(658): CodeIgniter\Model->insert(Array, false)
#4 /Applications/XAMPP/xamppfiles/htdocs/codeigniter4/Sites/ci4/app/Controllers/Komik.php(57): CodeIgniter\BaseModel->save(Array)
#5 /Applications/XAMPP/xamppfiles/htdocs/codeigniter4/Sites/ci4/system/CodeIgniter.php(832): App\Controllers\Komik->save()
#6 /Applications/XAMPP/xamppfiles/htdocs/codeigniter4/Sites/ci4/system/CodeIgniter.php(419): CodeIgniter\CodeIgniter->runController(Object(App\Controllers\Komik))
#7 /Applications/XAMPP/xamppfiles/htdocs/codeigniter4/Sites/ci4/system/CodeIgniter.php(326): CodeIgniter\CodeIgniter->handleRequest(NULL, Object(Config\Cache), false)
#8 /Applications/XAMPP/xamppfiles/htdocs/codeigniter4/Sites/ci4/public/index.php(37): CodeIgniter\CodeIgniter->run()
#9 /Applications/XAMPP/xamppfiles/htdocs/codeigniter4/Sites/ci4/system/Commands/Server/rewrite.php(43): require_once('/Applications/X...')
#10 {main}
CRITICAL - 2022-06-02 11:36:03 --> Trying to access array offset on value of type null
#0 /Applications/XAMPP/xamppfiles/htdocs/codeigniter4/Sites/ci4/app/Views/komik/detail.php(12): CodeIgniter\Debug\Exceptions->errorHandler(2, 'Trying to acces...', '/Applications/X...', 12)
#1 /Applications/XAMPP/xamppfiles/htdocs/codeigniter4/Sites/ci4/system/View/View.php(210): include('/Applications/X...')
#2 /Applications/XAMPP/xamppfiles/htdocs/codeigniter4/Sites/ci4/system/View/View.php(213): CodeIgniter\View\View->CodeIgniter\View\{closure}()
#3 /Applications/XAMPP/xamppfiles/htdocs/codeigniter4/Sites/ci4/system/Common.php(1089): CodeIgniter\View\View->render('komik/detail', Array, true)
#4 /Applications/XAMPP/xamppfiles/htdocs/codeigniter4/Sites/ci4/app/Controllers/Komik.php(37): view('komik/detail', Array)
#5 /Applications/XAMPP/xamppfiles/htdocs/codeigniter4/Sites/ci4/system/CodeIgniter.php(832): App\Controllers\Komik->detail('create')
#6 /Applications/XAMPP/xamppfiles/htdocs/codeigniter4/Sites/ci4/system/CodeIgniter.php(419): CodeIgniter\CodeIgniter->runController(Object(App\Controllers\Komik))
#7 /Applications/XAMPP/xamppfiles/htdocs/codeigniter4/Sites/ci4/system/CodeIgniter.php(326): CodeIgniter\CodeIgniter->handleRequest(NULL, Object(Config\Cache), false)
#8 /Applications/XAMPP/xamppfiles/htdocs/codeigniter4/Sites/ci4/public/index.php(37): CodeIgniter\CodeIgniter->run()
#9 /Applications/XAMPP/xamppfiles/htdocs/codeigniter4/Sites/ci4/system/Commands/Server/rewrite.php(43): require_once('/Applications/X...')
#10 {main}
CRITICAL - 2022-06-02 11:36:52 --> Trying to access array offset on value of type null
#0 /Applications/XAMPP/xamppfiles/htdocs/codeigniter4/Sites/ci4/app/Views/komik/detail.php(12): CodeIgniter\Debug\Exceptions->errorHandler(2, 'Trying to acces...', '/Applications/X...', 12)
#1 /Applications/XAMPP/xamppfiles/htdocs/codeigniter4/Sites/ci4/system/View/View.php(210): include('/Applications/X...')
#2 /Applications/XAMPP/xamppfiles/htdocs/codeigniter4/Sites/ci4/system/View/View.php(213): CodeIgniter\View\View->CodeIgniter\View\{closure}()
#3 /Applications/XAMPP/xamppfiles/htdocs/codeigniter4/Sites/ci4/system/Common.php(1089): CodeIgniter\View\View->render('komik/detail', Array, true)
#4 /Applications/XAMPP/xamppfiles/htdocs/codeigniter4/Sites/ci4/app/Controllers/Komik.php(37): view('komik/detail', Array)
#5 /Applications/XAMPP/xamppfiles/htdocs/codeigniter4/Sites/ci4/system/CodeIgniter.php(832): App\Controllers\Komik->detail('create')
#6 /Applications/XAMPP/xamppfiles/htdocs/codeigniter4/Sites/ci4/system/CodeIgniter.php(419): CodeIgniter\CodeIgniter->runController(Object(App\Controllers\Komik))
#7 /Applications/XAMPP/xamppfiles/htdocs/codeigniter4/Sites/ci4/system/CodeIgniter.php(326): CodeIgniter\CodeIgniter->handleRequest(NULL, Object(Config\Cache), false)
#8 /Applications/XAMPP/xamppfiles/htdocs/codeigniter4/Sites/ci4/public/index.php(37): CodeIgniter\CodeIgniter->run()
#9 /Applications/XAMPP/xamppfiles/htdocs/codeigniter4/Sites/ci4/system/Commands/Server/rewrite.php(43): require_once('/Applications/X...')
#10 {main}
CRITICAL - 2022-06-02 12:12:01 --> Call to undefined method CodeIgniter\Validation\Validation::hasEror()
#0 /Applications/XAMPP/xamppfiles/htdocs/codeigniter4/Sites/ci4/system/View/View.php(210): include()
#1 /Applications/XAMPP/xamppfiles/htdocs/codeigniter4/Sites/ci4/system/View/View.php(213): CodeIgniter\View\View->CodeIgniter\View\{closure}()
#2 /Applications/XAMPP/xamppfiles/htdocs/codeigniter4/Sites/ci4/system/Common.php(1089): CodeIgniter\View\View->render('komik/create', Array, true)
#3 /Applications/XAMPP/xamppfiles/htdocs/codeigniter4/Sites/ci4/app/Controllers/Komik.php(48): view('komik/create', Array)
#4 /Applications/XAMPP/xamppfiles/htdocs/codeigniter4/Sites/ci4/system/CodeIgniter.php(832): App\Controllers\Komik->create()
#5 /Applications/XAMPP/xamppfiles/htdocs/codeigniter4/Sites/ci4/system/CodeIgniter.php(419): CodeIgniter\CodeIgniter->runController(Object(App\Controllers\Komik))
#6 /Applications/XAMPP/xamppfiles/htdocs/codeigniter4/Sites/ci4/system/CodeIgniter.php(326): CodeIgniter\CodeIgniter->handleRequest(NULL, Object(Config\Cache), false)
#7 /Applications/XAMPP/xamppfiles/htdocs/codeigniter4/Sites/ci4/public/index.php(37): CodeIgniter\CodeIgniter->run()
#8 /Applications/XAMPP/xamppfiles/htdocs/codeigniter4/Sites/ci4/system/Commands/Server/rewrite.php(43): require_once('/Applications/X...')
#9 {main}
CRITICAL - 2022-06-02 12:12:39 --> Call to undefined method CodeIgniter\Validation\Validation::hasEror()
#0 /Applications/XAMPP/xamppfiles/htdocs/codeigniter4/Sites/ci4/system/View/View.php(210): include()
#1 /Applications/XAMPP/xamppfiles/htdocs/codeigniter4/Sites/ci4/system/View/View.php(213): CodeIgniter\View\View->CodeIgniter\View\{closure}()
#2 /Applications/XAMPP/xamppfiles/htdocs/codeigniter4/Sites/ci4/system/Common.php(1089): CodeIgniter\View\View->render('komik/create', Array, true)
#3 /Applications/XAMPP/xamppfiles/htdocs/codeigniter4/Sites/ci4/app/Controllers/Komik.php(48): view('komik/create', Array)
#4 /Applications/XAMPP/xamppfiles/htdocs/codeigniter4/Sites/ci4/system/CodeIgniter.php(832): App\Controllers\Komik->create()
#5 /Applications/XAMPP/xamppfiles/htdocs/codeigniter4/Sites/ci4/system/CodeIgniter.php(419): CodeIgniter\CodeIgniter->runController(Object(App\Controllers\Komik))
#6 /Applications/XAMPP/xamppfiles/htdocs/codeigniter4/Sites/ci4/system/CodeIgniter.php(326): CodeIgniter\CodeIgniter->handleRequest(NULL, Object(Config\Cache), false)
#7 /Applications/XAMPP/xamppfiles/htdocs/codeigniter4/Sites/ci4/public/index.php(37): CodeIgniter\CodeIgniter->run()
#8 /Applications/XAMPP/xamppfiles/htdocs/codeigniter4/Sites/ci4/system/Commands/Server/rewrite.php(43): require_once('/Applications/X...')
#9 {main}
CRITICAL - 2022-06-02 12:12:39 --> Call to undefined method CodeIgniter\Validation\Validation::hasEror()
#0 /Applications/XAMPP/xamppfiles/htdocs/codeigniter4/Sites/ci4/system/View/View.php(210): include()
#1 /Applications/XAMPP/xamppfiles/htdocs/codeigniter4/Sites/ci4/system/View/View.php(213): CodeIgniter\View\View->CodeIgniter\View\{closure}()
#2 /Applications/XAMPP/xamppfiles/htdocs/codeigniter4/Sites/ci4/system/Common.php(1089): CodeIgniter\View\View->render('komik/create', Array, true)
#3 /Applications/XAMPP/xamppfiles/htdocs/codeigniter4/Sites/ci4/app/Controllers/Komik.php(48): view('komik/create', Array)
#4 /Applications/XAMPP/xamppfiles/htdocs/codeigniter4/Sites/ci4/system/CodeIgniter.php(832): App\Controllers\Komik->create()
#5 /Applications/XAMPP/xamppfiles/htdocs/codeigniter4/Sites/ci4/system/CodeIgniter.php(419): CodeIgniter\CodeIgniter->runController(Object(App\Controllers\Komik))
#6 /Applications/XAMPP/xamppfiles/htdocs/codeigniter4/Sites/ci4/system/CodeIgniter.php(326): CodeIgniter\CodeIgniter->handleRequest(NULL, Object(Config\Cache), false)
#7 /Applications/XAMPP/xamppfiles/htdocs/codeigniter4/Sites/ci4/public/index.php(37): CodeIgniter\CodeIgniter->run()
#8 /Applications/XAMPP/xamppfiles/htdocs/codeigniter4/Sites/ci4/system/Commands/Server/rewrite.php(43): require_once('/Applications/X...')
#9 {main}
CRITICAL - 2022-06-02 12:12:41 --> Call to undefined method CodeIgniter\Validation\Validation::hasEror()
#0 /Applications/XAMPP/xamppfiles/htdocs/codeigniter4/Sites/ci4/system/View/View.php(210): include()
#1 /Applications/XAMPP/xamppfiles/htdocs/codeigniter4/Sites/ci4/system/View/View.php(213): CodeIgniter\View\View->CodeIgniter\View\{closure}()
#2 /Applications/XAMPP/xamppfiles/htdocs/codeigniter4/Sites/ci4/system/Common.php(1089): CodeIgniter\View\View->render('komik/create', Array, true)
#3 /Applications/XAMPP/xamppfiles/htdocs/codeigniter4/Sites/ci4/app/Controllers/Komik.php(48): view('komik/create', Array)
#4 /Applications/XAMPP/xamppfiles/htdocs/codeigniter4/Sites/ci4/system/CodeIgniter.php(832): App\Controllers\Komik->create()
#5 /Applications/XAMPP/xamppfiles/htdocs/codeigniter4/Sites/ci4/system/CodeIgniter.php(419): CodeIgniter\CodeIgniter->runController(Object(App\Controllers\Komik))
#6 /Applications/XAMPP/xamppfiles/htdocs/codeigniter4/Sites/ci4/system/CodeIgniter.php(326): CodeIgniter\CodeIgniter->handleRequest(NULL, Object(Config\Cache), false)
#7 /Applications/XAMPP/xamppfiles/htdocs/codeigniter4/Sites/ci4/public/index.php(37): CodeIgniter\CodeIgniter->run()
#8 /Applications/XAMPP/xamppfiles/htdocs/codeigniter4/Sites/ci4/system/Commands/Server/rewrite.php(43): require_once('/Applications/X...')
#9 {main}
CRITICAL - 2022-06-02 12:12:42 --> Call to undefined method CodeIgniter\Validation\Validation::hasEror()
#0 /Applications/XAMPP/xamppfiles/htdocs/codeigniter4/Sites/ci4/system/View/View.php(210): include()
#1 /Applications/XAMPP/xamppfiles/htdocs/codeigniter4/Sites/ci4/system/View/View.php(213): CodeIgniter\View\View->CodeIgniter\View\{closure}()
#2 /Applications/XAMPP/xamppfiles/htdocs/codeigniter4/Sites/ci4/system/Common.php(1089): CodeIgniter\View\View->render('komik/create', Array, true)
#3 /Applications/XAMPP/xamppfiles/htdocs/codeigniter4/Sites/ci4/app/Controllers/Komik.php(48): view('komik/create', Array)
#4 /Applications/XAMPP/xamppfiles/htdocs/codeigniter4/Sites/ci4/system/CodeIgniter.php(832): App\Controllers\Komik->create()
#5 /Applications/XAMPP/xamppfiles/htdocs/codeigniter4/Sites/ci4/system/CodeIgniter.php(419): CodeIgniter\CodeIgniter->runController(Object(App\Controllers\Komik))
#6 /Applications/XAMPP/xamppfiles/htdocs/codeigniter4/Sites/ci4/system/CodeIgniter.php(326): CodeIgniter\CodeIgniter->handleRequest(NULL, Object(Config\Cache), false)
#7 /Applications/XAMPP/xamppfiles/htdocs/codeigniter4/Sites/ci4/public/index.php(37): CodeIgniter\CodeIgniter->run()
#8 /Applications/XAMPP/xamppfiles/htdocs/codeigniter4/Sites/ci4/system/Commands/Server/rewrite.php(43): require_once('/Applications/X...')
#9 {main}
CRITICAL - 2022-06-02 12:12:43 --> Call to undefined method CodeIgniter\Validation\Validation::hasEror()
#0 /Applications/XAMPP/xamppfiles/htdocs/codeigniter4/Sites/ci4/system/View/View.php(210): include()
#1 /Applications/XAMPP/xamppfiles/htdocs/codeigniter4/Sites/ci4/system/View/View.php(213): CodeIgniter\View\View->CodeIgniter\View\{closure}()
#2 /Applications/XAMPP/xamppfiles/htdocs/codeigniter4/Sites/ci4/system/Common.php(1089): CodeIgniter\View\View->render('komik/create', Array, true)
#3 /Applications/XAMPP/xamppfiles/htdocs/codeigniter4/Sites/ci4/app/Controllers/Komik.php(48): view('komik/create', Array)
#4 /Applications/XAMPP/xamppfiles/htdocs/codeigniter4/Sites/ci4/system/CodeIgniter.php(832): App\Controllers\Komik->create()
#5 /Applications/XAMPP/xamppfiles/htdocs/codeigniter4/Sites/ci4/system/CodeIgniter.php(419): CodeIgniter\CodeIgniter->runController(Object(App\Controllers\Komik))
#6 /Applications/XAMPP/xamppfiles/htdocs/codeigniter4/Sites/ci4/system/CodeIgniter.php(326): CodeIgniter\CodeIgniter->handleRequest(NULL, Object(Config\Cache), false)
#7 /Applications/XAMPP/xamppfiles/htdocs/codeigniter4/Sites/ci4/public/index.php(37): CodeIgniter\CodeIgniter->run()
#8 /Applications/XAMPP/xamppfiles/htdocs/codeigniter4/Sites/ci4/system/Commands/Server/rewrite.php(43): require_once('/Applications/X...')
#9 {main}
CRITICAL - 2022-06-02 12:12:43 --> Call to undefined method CodeIgniter\Validation\Validation::hasEror()
#0 /Applications/XAMPP/xamppfiles/htdocs/codeigniter4/Sites/ci4/system/View/View.php(210): include()
#1 /Applications/XAMPP/xamppfiles/htdocs/codeigniter4/Sites/ci4/system/View/View.php(213): CodeIgniter\View\View->CodeIgniter\View\{closure}()
#2 /Applications/XAMPP/xamppfiles/htdocs/codeigniter4/Sites/ci4/system/Common.php(1089): CodeIgniter\View\View->render('komik/create', Array, true)
#3 /Applications/XAMPP/xamppfiles/htdocs/codeigniter4/Sites/ci4/app/Controllers/Komik.php(48): view('komik/create', Array)
#4 /Applications/XAMPP/xamppfiles/htdocs/codeigniter4/Sites/ci4/system/CodeIgniter.php(832): App\Controllers\Komik->create()
#5 /Applications/XAMPP/xamppfiles/htdocs/codeigniter4/Sites/ci4/system/CodeIgniter.php(419): CodeIgniter\CodeIgniter->runController(Object(App\Controllers\Komik))
#6 /Applications/XAMPP/xamppfiles/htdocs/codeigniter4/Sites/ci4/system/CodeIgniter.php(326): CodeIgniter\CodeIgniter->handleRequest(NULL, Object(Config\Cache), false)
#7 /Applications/XAMPP/xamppfiles/htdocs/codeigniter4/Sites/ci4/public/index.php(37): CodeIgniter\CodeIgniter->run()
#8 /Applications/XAMPP/xamppfiles/htdocs/codeigniter4/Sites/ci4/system/Commands/Server/rewrite.php(43): require_once('/Applications/X...')
#9 {main}
CRITICAL - 2022-06-02 12:12:44 --> Call to undefined method CodeIgniter\Validation\Validation::hasEror()
#0 /Applications/XAMPP/xamppfiles/htdocs/codeigniter4/Sites/ci4/system/View/View.php(210): include()
#1 /Applications/XAMPP/xamppfiles/htdocs/codeigniter4/Sites/ci4/system/View/View.php(213): CodeIgniter\View\View->CodeIgniter\View\{closure}()
#2 /Applications/XAMPP/xamppfiles/htdocs/codeigniter4/Sites/ci4/system/Common.php(1089): CodeIgniter\View\View->render('komik/create', Array, true)
#3 /Applications/XAMPP/xamppfiles/htdocs/codeigniter4/Sites/ci4/app/Controllers/Komik.php(48): view('komik/create', Array)
#4 /Applications/XAMPP/xamppfiles/htdocs/codeigniter4/Sites/ci4/system/CodeIgniter.php(832): App\Controllers\Komik->create()
#5 /Applications/XAMPP/xamppfiles/htdocs/codeigniter4/Sites/ci4/system/CodeIgniter.php(419): CodeIgniter\CodeIgniter->runController(Object(App\Controllers\Komik))
#6 /Applications/XAMPP/xamppfiles/htdocs/codeigniter4/Sites/ci4/system/CodeIgniter.php(326): CodeIgniter\CodeIgniter->handleRequest(NULL, Object(Config\Cache), false)
#7 /Applications/XAMPP/xamppfiles/htdocs/codeigniter4/Sites/ci4/public/index.php(37): CodeIgniter\CodeIgniter->run()
#8 /Applications/XAMPP/xamppfiles/htdocs/codeigniter4/Sites/ci4/system/Commands/Server/rewrite.php(43): require_once('/Applications/X...')
#9 {main}
CRITICAL - 2022-06-02 13:45:51 -->  route cannot be found while reverse-routing.
#0 /Applications/XAMPP/xamppfiles/htdocs/codeigniter4/Sites/ci4/system/HTTP/RedirectResponse.php(56): CodeIgniter\HTTP\Exceptions\HTTPException::forInvalidRedirectRoute('')
#1 /Applications/XAMPP/xamppfiles/htdocs/codeigniter4/Sites/ci4/system/Common.php(832): CodeIgniter\HTTP\RedirectResponse->route(false)
#2 /Applications/XAMPP/xamppfiles/htdocs/codeigniter4/Sites/ci4/app/Controllers/Komik.php(95): redirect('/komik')
#3 /Applications/XAMPP/xamppfiles/htdocs/codeigniter4/Sites/ci4/system/CodeIgniter.php(832): App\Controllers\Komik->delete('4')
#4 /Applications/XAMPP/xamppfiles/htdocs/codeigniter4/Sites/ci4/system/CodeIgniter.php(419): CodeIgniter\CodeIgniter->runController(Object(App\Controllers\Komik))
#5 /Applications/XAMPP/xamppfiles/htdocs/codeigniter4/Sites/ci4/system/CodeIgniter.php(326): CodeIgniter\CodeIgniter->handleRequest(NULL, Object(Config\Cache), false)
#6 /Applications/XAMPP/xamppfiles/htdocs/codeigniter4/Sites/ci4/public/index.php(37): CodeIgniter\CodeIgniter->run()
#7 /Applications/XAMPP/xamppfiles/htdocs/codeigniter4/Sites/ci4/system/Commands/Server/rewrite.php(43): require_once('/Applications/X...')
#8 {main}
CRITICAL - 2022-06-02 13:46:05 -->  route cannot be found while reverse-routing.
#0 /Applications/XAMPP/xamppfiles/htdocs/codeigniter4/Sites/ci4/system/HTTP/RedirectResponse.php(56): CodeIgniter\HTTP\Exceptions\HTTPException::forInvalidRedirectRoute('')
#1 /Applications/XAMPP/xamppfiles/htdocs/codeigniter4/Sites/ci4/system/Common.php(832): CodeIgniter\HTTP\RedirectResponse->route(false)
#2 /Applications/XAMPP/xamppfiles/htdocs/codeigniter4/Sites/ci4/app/Controllers/Komik.php(95): redirect('/komik')
#3 /Applications/XAMPP/xamppfiles/htdocs/codeigniter4/Sites/ci4/system/CodeIgniter.php(832): App\Controllers\Komik->delete('3')
#4 /Applications/XAMPP/xamppfiles/htdocs/codeigniter4/Sites/ci4/system/CodeIgniter.php(419): CodeIgniter\CodeIgniter->runController(Object(App\Controllers\Komik))
#5 /Applications/XAMPP/xamppfiles/htdocs/codeigniter4/Sites/ci4/system/CodeIgniter.php(326): CodeIgniter\CodeIgniter->handleRequest(NULL, Object(Config\Cache), false)
#6 /Applications/XAMPP/xamppfiles/htdocs/codeigniter4/Sites/ci4/public/index.php(37): CodeIgniter\CodeIgniter->run()
#7 /Applications/XAMPP/xamppfiles/htdocs/codeigniter4/Sites/ci4/system/Commands/Server/rewrite.php(43): require_once('/Applications/X...')
#8 {main}
ERROR - 2022-06-02 21:38:14 --> Error connecting to the database: Connection refused
CRITICAL - 2022-06-02 21:38:14 --> Unable to connect to the database.
Main connection [MySQLi]: Connection refused
#0 /Applications/XAMPP/xamppfiles/htdocs/codeigniter4/Sites/ci4/system/Database/BaseConnection.php(577): CodeIgniter\Database\BaseConnection->initialize()
#1 /Applications/XAMPP/xamppfiles/htdocs/codeigniter4/Sites/ci4/system/Database/BaseBuilder.php(1455): CodeIgniter\Database\BaseConnection->query('SELECT *\nFROM `...', Array, false)
#2 /Applications/XAMPP/xamppfiles/htdocs/codeigniter4/Sites/ci4/system/Model.php(183): CodeIgniter\Database\BaseBuilder->get()
#3 /Applications/XAMPP/xamppfiles/htdocs/codeigniter4/Sites/ci4/system/BaseModel.php(584): CodeIgniter\Model->doFindAll(0, 0)
#4 /Applications/XAMPP/xamppfiles/htdocs/codeigniter4/Sites/ci4/app/Models/KomikModel.php(16): CodeIgniter\BaseModel->findAll()
#5 /Applications/XAMPP/xamppfiles/htdocs/codeigniter4/Sites/ci4/app/Controllers/Komik.php(20): App\Models\KomikModel->getKomik()
#6 /Applications/XAMPP/xamppfiles/htdocs/codeigniter4/Sites/ci4/system/CodeIgniter.php(832): App\Controllers\Komik->index()
#7 /Applications/XAMPP/xamppfiles/htdocs/codeigniter4/Sites/ci4/system/CodeIgniter.php(419): CodeIgniter\CodeIgniter->runController(Object(App\Controllers\Komik))
#8 /Applications/XAMPP/xamppfiles/htdocs/codeigniter4/Sites/ci4/system/CodeIgniter.php(326): CodeIgniter\CodeIgniter->handleRequest(NULL, Object(Config\Cache), false)
#9 /Applications/XAMPP/xamppfiles/htdocs/codeigniter4/Sites/ci4/public/index.php(37): CodeIgniter\CodeIgniter->run()
#10 /Applications/XAMPP/xamppfiles/htdocs/codeigniter4/Sites/ci4/system/Commands/Server/rewrite.php(43): require_once('/Applications/X...')
#11 {main}
ERROR - 2022-06-02 21:38:16 --> Error connecting to the database: Connection refused
CRITICAL - 2022-06-02 21:38:16 --> Unable to connect to the database.
Main connection [MySQLi]: Connection refused
#0 /Applications/XAMPP/xamppfiles/htdocs/codeigniter4/Sites/ci4/system/Database/BaseConnection.php(577): CodeIgniter\Database\BaseConnection->initialize()
#1 /Applications/XAMPP/xamppfiles/htdocs/codeigniter4/Sites/ci4/system/Database/BaseBuilder.php(1455): CodeIgniter\Database\BaseConnection->query('SELECT *\nFROM `...', Array, false)
#2 /Applications/XAMPP/xamppfiles/htdocs/codeigniter4/Sites/ci4/system/Model.php(210): CodeIgniter\Database\BaseBuilder->get()
#3 /Applications/XAMPP/xamppfiles/htdocs/codeigniter4/Sites/ci4/system/BaseModel.php(622): CodeIgniter\Model->doFirst()
#4 /Applications/XAMPP/xamppfiles/htdocs/codeigniter4/Sites/ci4/app/Models/KomikModel.php(19): CodeIgniter\BaseModel->first()
#5 /Applications/XAMPP/xamppfiles/htdocs/codeigniter4/Sites/ci4/app/Controllers/Komik.php(30): App\Models\KomikModel->getKomik('asd')
#6 /Applications/XAMPP/xamppfiles/htdocs/codeigniter4/Sites/ci4/system/CodeIgniter.php(832): App\Controllers\Komik->detail('asd')
#7 /Applications/XAMPP/xamppfiles/htdocs/codeigniter4/Sites/ci4/system/CodeIgniter.php(419): CodeIgniter\CodeIgniter->runController(Object(App\Controllers\Komik))
#8 /Applications/XAMPP/xamppfiles/htdocs/codeigniter4/Sites/ci4/system/CodeIgniter.php(326): CodeIgniter\CodeIgniter->handleRequest(NULL, Object(Config\Cache), false)
#9 /Applications/XAMPP/xamppfiles/htdocs/codeigniter4/Sites/ci4/public/index.php(37): CodeIgniter\CodeIgniter->run()
#10 /Applications/XAMPP/xamppfiles/htdocs/codeigniter4/Sites/ci4/system/Commands/Server/rewrite.php(43): require_once('/Applications/X...')
#11 {main}
ERROR - 2022-06-02 21:38:19 --> Error connecting to the database: Connection refused
CRITICAL - 2022-06-02 21:38:19 --> Unable to connect to the database.
Main connection [MySQLi]: Connection refused
#0 /Applications/XAMPP/xamppfiles/htdocs/codeigniter4/Sites/ci4/system/Database/BaseConnection.php(577): CodeIgniter\Database\BaseConnection->initialize()
#1 /Applications/XAMPP/xamppfiles/htdocs/codeigniter4/Sites/ci4/system/Database/BaseBuilder.php(1455): CodeIgniter\Database\BaseConnection->query('SELECT *\nFROM `...', Array, false)
#2 /Applications/XAMPP/xamppfiles/htdocs/codeigniter4/Sites/ci4/system/Model.php(183): CodeIgniter\Database\BaseBuilder->get()
#3 /Applications/XAMPP/xamppfiles/htdocs/codeigniter4/Sites/ci4/system/BaseModel.php(584): CodeIgniter\Model->doFindAll(0, 0)
#4 /Applications/XAMPP/xamppfiles/htdocs/codeigniter4/Sites/ci4/app/Models/KomikModel.php(16): CodeIgniter\BaseModel->findAll()
#5 /Applications/XAMPP/xamppfiles/htdocs/codeigniter4/Sites/ci4/app/Controllers/Komik.php(20): App\Models\KomikModel->getKomik()
#6 /Applications/XAMPP/xamppfiles/htdocs/codeigniter4/Sites/ci4/system/CodeIgniter.php(832): App\Controllers\Komik->index()
#7 /Applications/XAMPP/xamppfiles/htdocs/codeigniter4/Sites/ci4/system/CodeIgniter.php(419): CodeIgniter\CodeIgniter->runController(Object(App\Controllers\Komik))
#8 /Applications/XAMPP/xamppfiles/htdocs/codeigniter4/Sites/ci4/system/CodeIgniter.php(326): CodeIgniter\CodeIgniter->handleRequest(NULL, Object(Config\Cache), false)
#9 /Applications/XAMPP/xamppfiles/htdocs/codeigniter4/Sites/ci4/public/index.php(37): CodeIgniter\CodeIgniter->run()
#10 /Applications/XAMPP/xamppfiles/htdocs/codeigniter4/Sites/ci4/system/Commands/Server/rewrite.php(43): require_once('/Applications/X...')
#11 {main}
