CRITICAL - 2022-06-04 08:09:40 --> unlink(img/1654318130_5353bf6c0c03b2ec00ce.jpeg): No such file or directory
#0 [internal function]: CodeIgniter\Debug\Exceptions->errorHandler(2, 'unlink(img/1654...', '/Applications/X...', 113)
#1 /Applications/XAMPP/xamppfiles/htdocs/codeigniter4/ci4_CLG/app/Controllers/Komik.php(113): unlink('img/1654318130_...')
#2 /Applications/XAMPP/xamppfiles/htdocs/codeigniter4/ci4_CLG/system/CodeIgniter.php(832): App\Controllers\Komik->delete('61')
#3 /Applications/XAMPP/xamppfiles/htdocs/codeigniter4/ci4_CLG/system/CodeIgniter.php(419): CodeIgniter\CodeIgniter->runController(Object(App\Controllers\Komik))
#4 /Applications/XAMPP/xamppfiles/htdocs/codeigniter4/ci4_CLG/system/CodeIgniter.php(326): CodeIgniter\CodeIgniter->handleRequest(NULL, Object(Config\Cache), false)
#5 /Applications/XAMPP/xamppfiles/htdocs/codeigniter4/ci4_CLG/public/index.php(37): CodeIgniter\CodeIgniter->run()
#6 /Applications/XAMPP/xamppfiles/htdocs/codeigniter4/ci4_CLG/system/Commands/Server/rewrite.php(43): require_once('/Applications/X...')
#7 {main}
CRITICAL - 2022-06-04 08:42:27 --> Undefined variable $k
#0 /Applications/XAMPP/xamppfiles/htdocs/codeigniter4/ci4_CLG/app/Views/content/index.php(37): CodeIgniter\Debug\Exceptions->errorHandler(2, 'Undefined varia...', '/Applications/X...', 37)
#1 /Applications/XAMPP/xamppfiles/htdocs/codeigniter4/ci4_CLG/system/View/View.php(210): include('/Applications/X...')
#2 /Applications/XAMPP/xamppfiles/htdocs/codeigniter4/ci4_CLG/system/View/View.php(213): CodeIgniter\View\View->CodeIgniter\View\{closure}()
#3 /Applications/XAMPP/xamppfiles/htdocs/codeigniter4/ci4_CLG/system/Common.php(1089): CodeIgniter\View\View->render('content/index', Array, true)
#4 /Applications/XAMPP/xamppfiles/htdocs/codeigniter4/ci4_CLG/app/Controllers/Content.php(24): view('content/index', Array)
#5 /Applications/XAMPP/xamppfiles/htdocs/codeigniter4/ci4_CLG/system/CodeIgniter.php(832): App\Controllers\Content->index()
#6 /Applications/XAMPP/xamppfiles/htdocs/codeigniter4/ci4_CLG/system/CodeIgniter.php(419): CodeIgniter\CodeIgniter->runController(Object(App\Controllers\Content))
#7 /Applications/XAMPP/xamppfiles/htdocs/codeigniter4/ci4_CLG/system/CodeIgniter.php(326): CodeIgniter\CodeIgniter->handleRequest(NULL, Object(Config\Cache), false)
#8 /Applications/XAMPP/xamppfiles/htdocs/codeigniter4/ci4_CLG/public/index.php(37): CodeIgniter\CodeIgniter->run()
#9 /Applications/XAMPP/xamppfiles/htdocs/codeigniter4/ci4_CLG/system/Commands/Server/rewrite.php(43): require_once('/Applications/X...')
#10 {main}
CRITICAL - 2022-06-04 08:42:50 --> Undefined variable $k
#0 /Applications/XAMPP/xamppfiles/htdocs/codeigniter4/ci4_CLG/app/Views/content/index.php(37): CodeIgniter\Debug\Exceptions->errorHandler(2, 'Undefined varia...', '/Applications/X...', 37)
#1 /Applications/XAMPP/xamppfiles/htdocs/codeigniter4/ci4_CLG/system/View/View.php(210): include('/Applications/X...')
#2 /Applications/XAMPP/xamppfiles/htdocs/codeigniter4/ci4_CLG/system/View/View.php(213): CodeIgniter\View\View->CodeIgniter\View\{closure}()
#3 /Applications/XAMPP/xamppfiles/htdocs/codeigniter4/ci4_CLG/system/Common.php(1089): CodeIgniter\View\View->render('content/index', Array, true)
#4 /Applications/XAMPP/xamppfiles/htdocs/codeigniter4/ci4_CLG/app/Controllers/Content.php(24): view('content/index', Array)
#5 /Applications/XAMPP/xamppfiles/htdocs/codeigniter4/ci4_CLG/system/CodeIgniter.php(832): App\Controllers\Content->index()
#6 /Applications/XAMPP/xamppfiles/htdocs/codeigniter4/ci4_CLG/system/CodeIgniter.php(419): CodeIgniter\CodeIgniter->runController(Object(App\Controllers\Content))
#7 /Applications/XAMPP/xamppfiles/htdocs/codeigniter4/ci4_CLG/system/CodeIgniter.php(326): CodeIgniter\CodeIgniter->handleRequest(NULL, Object(Config\Cache), false)
#8 /Applications/XAMPP/xamppfiles/htdocs/codeigniter4/ci4_CLG/public/index.php(37): CodeIgniter\CodeIgniter->run()
#9 /Applications/XAMPP/xamppfiles/htdocs/codeigniter4/ci4_CLG/system/Commands/Server/rewrite.php(43): require_once('/Applications/X...')
#10 {main}
CRITICAL - 2022-06-04 12:17:16 --> Undefined variable $k
#0 /Applications/XAMPP/xamppfiles/htdocs/codeigniter4/ci4_CLG/app/Views/content/index.php(37): CodeIgniter\Debug\Exceptions->errorHandler(2, 'Undefined varia...', '/Applications/X...', 37)
#1 /Applications/XAMPP/xamppfiles/htdocs/codeigniter4/ci4_CLG/system/View/View.php(210): include('/Applications/X...')
#2 /Applications/XAMPP/xamppfiles/htdocs/codeigniter4/ci4_CLG/system/View/View.php(213): CodeIgniter\View\View->CodeIgniter\View\{closure}()
#3 /Applications/XAMPP/xamppfiles/htdocs/codeigniter4/ci4_CLG/system/Common.php(1089): CodeIgniter\View\View->render('content/index', Array, true)
#4 /Applications/XAMPP/xamppfiles/htdocs/codeigniter4/ci4_CLG/app/Controllers/Content.php(24): view('content/index', Array)
#5 /Applications/XAMPP/xamppfiles/htdocs/codeigniter4/ci4_CLG/system/CodeIgniter.php(832): App\Controllers\Content->index()
#6 /Applications/XAMPP/xamppfiles/htdocs/codeigniter4/ci4_CLG/system/CodeIgniter.php(419): CodeIgniter\CodeIgniter->runController(Object(App\Controllers\Content))
#7 /Applications/XAMPP/xamppfiles/htdocs/codeigniter4/ci4_CLG/system/CodeIgniter.php(326): CodeIgniter\CodeIgniter->handleRequest(NULL, Object(Config\Cache), false)
#8 /Applications/XAMPP/xamppfiles/htdocs/codeigniter4/ci4_CLG/public/index.php(37): CodeIgniter\CodeIgniter->run()
#9 /Applications/XAMPP/xamppfiles/htdocs/codeigniter4/ci4_CLG/system/Commands/Server/rewrite.php(43): require_once('/Applications/X...')
#10 {main}
CRITICAL - 2022-06-04 12:22:30 --> Call to a member function save() on null
#0 /Applications/XAMPP/xamppfiles/htdocs/codeigniter4/ci4_CLG/system/CodeIgniter.php(832): App\Controllers\Content->save()
#1 /Applications/XAMPP/xamppfiles/htdocs/codeigniter4/ci4_CLG/system/CodeIgniter.php(419): CodeIgniter\CodeIgniter->runController(Object(App\Controllers\Content))
#2 /Applications/XAMPP/xamppfiles/htdocs/codeigniter4/ci4_CLG/system/CodeIgniter.php(326): CodeIgniter\CodeIgniter->handleRequest(NULL, Object(Config\Cache), false)
#3 /Applications/XAMPP/xamppfiles/htdocs/codeigniter4/ci4_CLG/public/index.php(37): CodeIgniter\CodeIgniter->run()
#4 /Applications/XAMPP/xamppfiles/htdocs/codeigniter4/ci4_CLG/system/Commands/Server/rewrite.php(43): require_once('/Applications/X...')
#5 {main}
ERROR - 2022-06-04 12:23:05 --> Unknown column 'created_at' in 'field list'
CRITICAL - 2022-06-04 12:23:05 --> Unknown column 'created_at' in 'field list'
#0 /Applications/XAMPP/xamppfiles/htdocs/codeigniter4/ci4_CLG/system/Database/MySQLi/Connection.php(292): mysqli->query('INSERT INTO `co...', 0)
#1 /Applications/XAMPP/xamppfiles/htdocs/codeigniter4/ci4_CLG/system/Database/BaseConnection.php(670): CodeIgniter\Database\MySQLi\Connection->execute('INSERT INTO `co...')
#2 /Applications/XAMPP/xamppfiles/htdocs/codeigniter4/ci4_CLG/system/Database/BaseConnection.php(598): CodeIgniter\Database\BaseConnection->simpleQuery('INSERT INTO `co...')
#3 /Applications/XAMPP/xamppfiles/htdocs/codeigniter4/ci4_CLG/system/Database/BaseBuilder.php(1771): CodeIgniter\Database\BaseConnection->query('INSERT INTO `co...', Array, false)
#4 /Applications/XAMPP/xamppfiles/htdocs/codeigniter4/ci4_CLG/system/Model.php(239): CodeIgniter\Database\BaseBuilder->insert()
#5 /Applications/XAMPP/xamppfiles/htdocs/codeigniter4/ci4_CLG/system/BaseModel.php(738): CodeIgniter\Model->doInsert(Array)
#6 /Applications/XAMPP/xamppfiles/htdocs/codeigniter4/ci4_CLG/system/Model.php(625): CodeIgniter\BaseModel->insert(Array, false)
#7 /Applications/XAMPP/xamppfiles/htdocs/codeigniter4/ci4_CLG/system/BaseModel.php(658): CodeIgniter\Model->insert(Array, false)
#8 /Applications/XAMPP/xamppfiles/htdocs/codeigniter4/ci4_CLG/app/Controllers/Content.php(79): CodeIgniter\BaseModel->save(Array)
#9 /Applications/XAMPP/xamppfiles/htdocs/codeigniter4/ci4_CLG/system/CodeIgniter.php(832): App\Controllers\Content->save()
#10 /Applications/XAMPP/xamppfiles/htdocs/codeigniter4/ci4_CLG/system/CodeIgniter.php(419): CodeIgniter\CodeIgniter->runController(Object(App\Controllers\Content))
#11 /Applications/XAMPP/xamppfiles/htdocs/codeigniter4/ci4_CLG/system/CodeIgniter.php(326): CodeIgniter\CodeIgniter->handleRequest(NULL, Object(Config\Cache), false)
#12 /Applications/XAMPP/xamppfiles/htdocs/codeigniter4/ci4_CLG/public/index.php(37): CodeIgniter\CodeIgniter->run()
#13 /Applications/XAMPP/xamppfiles/htdocs/codeigniter4/ci4_CLG/system/Commands/Server/rewrite.php(43): require_once('/Applications/X...')
#14 {main}
ERROR - 2022-06-04 12:23:13 --> Unknown column 'created_at' in 'field list'
CRITICAL - 2022-06-04 12:23:13 --> Unknown column 'created_at' in 'field list'
#0 /Applications/XAMPP/xamppfiles/htdocs/codeigniter4/ci4_CLG/system/Database/MySQLi/Connection.php(292): mysqli->query('INSERT INTO `co...', 0)
#1 /Applications/XAMPP/xamppfiles/htdocs/codeigniter4/ci4_CLG/system/Database/BaseConnection.php(670): CodeIgniter\Database\MySQLi\Connection->execute('INSERT INTO `co...')
#2 /Applications/XAMPP/xamppfiles/htdocs/codeigniter4/ci4_CLG/system/Database/BaseConnection.php(598): CodeIgniter\Database\BaseConnection->simpleQuery('INSERT INTO `co...')
#3 /Applications/XAMPP/xamppfiles/htdocs/codeigniter4/ci4_CLG/system/Database/BaseBuilder.php(1771): CodeIgniter\Database\BaseConnection->query('INSERT INTO `co...', Array, false)
#4 /Applications/XAMPP/xamppfiles/htdocs/codeigniter4/ci4_CLG/system/Model.php(239): CodeIgniter\Database\BaseBuilder->insert()
#5 /Applications/XAMPP/xamppfiles/htdocs/codeigniter4/ci4_CLG/system/BaseModel.php(738): CodeIgniter\Model->doInsert(Array)
#6 /Applications/XAMPP/xamppfiles/htdocs/codeigniter4/ci4_CLG/system/Model.php(625): CodeIgniter\BaseModel->insert(Array, false)
#7 /Applications/XAMPP/xamppfiles/htdocs/codeigniter4/ci4_CLG/system/BaseModel.php(658): CodeIgniter\Model->insert(Array, false)
#8 /Applications/XAMPP/xamppfiles/htdocs/codeigniter4/ci4_CLG/app/Controllers/Content.php(79): CodeIgniter\BaseModel->save(Array)
#9 /Applications/XAMPP/xamppfiles/htdocs/codeigniter4/ci4_CLG/system/CodeIgniter.php(832): App\Controllers\Content->save()
#10 /Applications/XAMPP/xamppfiles/htdocs/codeigniter4/ci4_CLG/system/CodeIgniter.php(419): CodeIgniter\CodeIgniter->runController(Object(App\Controllers\Content))
#11 /Applications/XAMPP/xamppfiles/htdocs/codeigniter4/ci4_CLG/system/CodeIgniter.php(326): CodeIgniter\CodeIgniter->handleRequest(NULL, Object(Config\Cache), false)
#12 /Applications/XAMPP/xamppfiles/htdocs/codeigniter4/ci4_CLG/public/index.php(37): CodeIgniter\CodeIgniter->run()
#13 /Applications/XAMPP/xamppfiles/htdocs/codeigniter4/ci4_CLG/system/Commands/Server/rewrite.php(43): require_once('/Applications/X...')
#14 {main}
ERROR - 2022-06-04 12:25:32 --> Unknown column 'created_at' in 'field list'
CRITICAL - 2022-06-04 12:25:32 --> Unknown column 'created_at' in 'field list'
#0 /Applications/XAMPP/xamppfiles/htdocs/codeigniter4/ci4_CLG/system/Database/MySQLi/Connection.php(292): mysqli->query('INSERT INTO `co...', 0)
#1 /Applications/XAMPP/xamppfiles/htdocs/codeigniter4/ci4_CLG/system/Database/BaseConnection.php(670): CodeIgniter\Database\MySQLi\Connection->execute('INSERT INTO `co...')
#2 /Applications/XAMPP/xamppfiles/htdocs/codeigniter4/ci4_CLG/system/Database/BaseConnection.php(598): CodeIgniter\Database\BaseConnection->simpleQuery('INSERT INTO `co...')
#3 /Applications/XAMPP/xamppfiles/htdocs/codeigniter4/ci4_CLG/system/Database/BaseBuilder.php(1771): CodeIgniter\Database\BaseConnection->query('INSERT INTO `co...', Array, false)
#4 /Applications/XAMPP/xamppfiles/htdocs/codeigniter4/ci4_CLG/system/Model.php(239): CodeIgniter\Database\BaseBuilder->insert()
#5 /Applications/XAMPP/xamppfiles/htdocs/codeigniter4/ci4_CLG/system/BaseModel.php(738): CodeIgniter\Model->doInsert(Array)
#6 /Applications/XAMPP/xamppfiles/htdocs/codeigniter4/ci4_CLG/system/Model.php(625): CodeIgniter\BaseModel->insert(Array, false)
#7 /Applications/XAMPP/xamppfiles/htdocs/codeigniter4/ci4_CLG/system/BaseModel.php(658): CodeIgniter\Model->insert(Array, false)
#8 /Applications/XAMPP/xamppfiles/htdocs/codeigniter4/ci4_CLG/app/Controllers/Content.php(80): CodeIgniter\BaseModel->save(Array)
#9 /Applications/XAMPP/xamppfiles/htdocs/codeigniter4/ci4_CLG/system/CodeIgniter.php(832): App\Controllers\Content->save()
#10 /Applications/XAMPP/xamppfiles/htdocs/codeigniter4/ci4_CLG/system/CodeIgniter.php(419): CodeIgniter\CodeIgniter->runController(Object(App\Controllers\Content))
#11 /Applications/XAMPP/xamppfiles/htdocs/codeigniter4/ci4_CLG/system/CodeIgniter.php(326): CodeIgniter\CodeIgniter->handleRequest(NULL, Object(Config\Cache), false)
#12 /Applications/XAMPP/xamppfiles/htdocs/codeigniter4/ci4_CLG/public/index.php(37): CodeIgniter\CodeIgniter->run()
#13 /Applications/XAMPP/xamppfiles/htdocs/codeigniter4/ci4_CLG/system/Commands/Server/rewrite.php(43): require_once('/Applications/X...')
#14 {main}
ERROR - 2022-06-04 12:28:38 --> Unknown column 'created_at' in 'field list'
CRITICAL - 2022-06-04 12:28:38 --> Unknown column 'created_at' in 'field list'
#0 /Applications/XAMPP/xamppfiles/htdocs/codeigniter4/ci4_CLG/system/Database/MySQLi/Connection.php(292): mysqli->query('INSERT INTO `co...', 0)
#1 /Applications/XAMPP/xamppfiles/htdocs/codeigniter4/ci4_CLG/system/Database/BaseConnection.php(670): CodeIgniter\Database\MySQLi\Connection->execute('INSERT INTO `co...')
#2 /Applications/XAMPP/xamppfiles/htdocs/codeigniter4/ci4_CLG/system/Database/BaseConnection.php(598): CodeIgniter\Database\BaseConnection->simpleQuery('INSERT INTO `co...')
#3 /Applications/XAMPP/xamppfiles/htdocs/codeigniter4/ci4_CLG/system/Database/BaseBuilder.php(1771): CodeIgniter\Database\BaseConnection->query('INSERT INTO `co...', Array, false)
#4 /Applications/XAMPP/xamppfiles/htdocs/codeigniter4/ci4_CLG/system/Model.php(239): CodeIgniter\Database\BaseBuilder->insert()
#5 /Applications/XAMPP/xamppfiles/htdocs/codeigniter4/ci4_CLG/system/BaseModel.php(738): CodeIgniter\Model->doInsert(Array)
#6 /Applications/XAMPP/xamppfiles/htdocs/codeigniter4/ci4_CLG/system/Model.php(625): CodeIgniter\BaseModel->insert(Array, false)
#7 /Applications/XAMPP/xamppfiles/htdocs/codeigniter4/ci4_CLG/system/BaseModel.php(658): CodeIgniter\Model->insert(Array, false)
#8 /Applications/XAMPP/xamppfiles/htdocs/codeigniter4/ci4_CLG/app/Controllers/Content.php(80): CodeIgniter\BaseModel->save(Array)
#9 /Applications/XAMPP/xamppfiles/htdocs/codeigniter4/ci4_CLG/system/CodeIgniter.php(832): App\Controllers\Content->save()
#10 /Applications/XAMPP/xamppfiles/htdocs/codeigniter4/ci4_CLG/system/CodeIgniter.php(419): CodeIgniter\CodeIgniter->runController(Object(App\Controllers\Content))
#11 /Applications/XAMPP/xamppfiles/htdocs/codeigniter4/ci4_CLG/system/CodeIgniter.php(326): CodeIgniter\CodeIgniter->handleRequest(NULL, Object(Config\Cache), false)
#12 /Applications/XAMPP/xamppfiles/htdocs/codeigniter4/ci4_CLG/public/index.php(37): CodeIgniter\CodeIgniter->run()
#13 /Applications/XAMPP/xamppfiles/htdocs/codeigniter4/ci4_CLG/system/Commands/Server/rewrite.php(43): require_once('/Applications/X...')
#14 {main}
ERROR - 2022-06-04 12:29:03 --> Unknown column 'created_at' in 'field list'
CRITICAL - 2022-06-04 12:29:03 --> Unknown column 'created_at' in 'field list'
#0 /Applications/XAMPP/xamppfiles/htdocs/codeigniter4/ci4_CLG/system/Database/MySQLi/Connection.php(292): mysqli->query('INSERT INTO `co...', 0)
#1 /Applications/XAMPP/xamppfiles/htdocs/codeigniter4/ci4_CLG/system/Database/BaseConnection.php(670): CodeIgniter\Database\MySQLi\Connection->execute('INSERT INTO `co...')
#2 /Applications/XAMPP/xamppfiles/htdocs/codeigniter4/ci4_CLG/system/Database/BaseConnection.php(598): CodeIgniter\Database\BaseConnection->simpleQuery('INSERT INTO `co...')
#3 /Applications/XAMPP/xamppfiles/htdocs/codeigniter4/ci4_CLG/system/Database/BaseBuilder.php(1771): CodeIgniter\Database\BaseConnection->query('INSERT INTO `co...', Array, false)
#4 /Applications/XAMPP/xamppfiles/htdocs/codeigniter4/ci4_CLG/system/Model.php(239): CodeIgniter\Database\BaseBuilder->insert()
#5 /Applications/XAMPP/xamppfiles/htdocs/codeigniter4/ci4_CLG/system/BaseModel.php(738): CodeIgniter\Model->doInsert(Array)
#6 /Applications/XAMPP/xamppfiles/htdocs/codeigniter4/ci4_CLG/system/Model.php(625): CodeIgniter\BaseModel->insert(Array, false)
#7 /Applications/XAMPP/xamppfiles/htdocs/codeigniter4/ci4_CLG/system/BaseModel.php(658): CodeIgniter\Model->insert(Array, false)
#8 /Applications/XAMPP/xamppfiles/htdocs/codeigniter4/ci4_CLG/app/Controllers/Content.php(80): CodeIgniter\BaseModel->save(Array)
#9 /Applications/XAMPP/xamppfiles/htdocs/codeigniter4/ci4_CLG/system/CodeIgniter.php(832): App\Controllers\Content->save()
#10 /Applications/XAMPP/xamppfiles/htdocs/codeigniter4/ci4_CLG/system/CodeIgniter.php(419): CodeIgniter\CodeIgniter->runController(Object(App\Controllers\Content))
#11 /Applications/XAMPP/xamppfiles/htdocs/codeigniter4/ci4_CLG/system/CodeIgniter.php(326): CodeIgniter\CodeIgniter->handleRequest(NULL, Object(Config\Cache), false)
#12 /Applications/XAMPP/xamppfiles/htdocs/codeigniter4/ci4_CLG/public/index.php(37): CodeIgniter\CodeIgniter->run()
#13 /Applications/XAMPP/xamppfiles/htdocs/codeigniter4/ci4_CLG/system/Commands/Server/rewrite.php(43): require_once('/Applications/X...')
#14 {main}
ERROR - 2022-06-04 12:30:20 --> Unknown column 'created_at' in 'field list'
CRITICAL - 2022-06-04 12:30:20 --> Unknown column 'created_at' in 'field list'
#0 /Applications/XAMPP/xamppfiles/htdocs/codeigniter4/ci4_CLG/system/Database/MySQLi/Connection.php(292): mysqli->query('INSERT INTO `co...', 0)
#1 /Applications/XAMPP/xamppfiles/htdocs/codeigniter4/ci4_CLG/system/Database/BaseConnection.php(670): CodeIgniter\Database\MySQLi\Connection->execute('INSERT INTO `co...')
#2 /Applications/XAMPP/xamppfiles/htdocs/codeigniter4/ci4_CLG/system/Database/BaseConnection.php(598): CodeIgniter\Database\BaseConnection->simpleQuery('INSERT INTO `co...')
#3 /Applications/XAMPP/xamppfiles/htdocs/codeigniter4/ci4_CLG/system/Database/BaseBuilder.php(1771): CodeIgniter\Database\BaseConnection->query('INSERT INTO `co...', Array, false)
#4 /Applications/XAMPP/xamppfiles/htdocs/codeigniter4/ci4_CLG/system/Model.php(239): CodeIgniter\Database\BaseBuilder->insert()
#5 /Applications/XAMPP/xamppfiles/htdocs/codeigniter4/ci4_CLG/system/BaseModel.php(738): CodeIgniter\Model->doInsert(Array)
#6 /Applications/XAMPP/xamppfiles/htdocs/codeigniter4/ci4_CLG/system/Model.php(625): CodeIgniter\BaseModel->insert(Array, false)
#7 /Applications/XAMPP/xamppfiles/htdocs/codeigniter4/ci4_CLG/system/BaseModel.php(658): CodeIgniter\Model->insert(Array, false)
#8 /Applications/XAMPP/xamppfiles/htdocs/codeigniter4/ci4_CLG/app/Controllers/Content.php(81): CodeIgniter\BaseModel->save(Array)
#9 /Applications/XAMPP/xamppfiles/htdocs/codeigniter4/ci4_CLG/system/CodeIgniter.php(832): App\Controllers\Content->save()
#10 /Applications/XAMPP/xamppfiles/htdocs/codeigniter4/ci4_CLG/system/CodeIgniter.php(419): CodeIgniter\CodeIgniter->runController(Object(App\Controllers\Content))
#11 /Applications/XAMPP/xamppfiles/htdocs/codeigniter4/ci4_CLG/system/CodeIgniter.php(326): CodeIgniter\CodeIgniter->handleRequest(NULL, Object(Config\Cache), false)
#12 /Applications/XAMPP/xamppfiles/htdocs/codeigniter4/ci4_CLG/public/index.php(37): CodeIgniter\CodeIgniter->run()
#13 /Applications/XAMPP/xamppfiles/htdocs/codeigniter4/ci4_CLG/system/Commands/Server/rewrite.php(43): require_once('/Applications/X...')
#14 {main}
ERROR - 2022-06-04 12:32:42 --> Unknown column 'created_at' in 'field list'
CRITICAL - 2022-06-04 12:32:42 --> Unknown column 'created_at' in 'field list'
#0 /Applications/XAMPP/xamppfiles/htdocs/codeigniter4/ci4_CLG/system/Database/MySQLi/Connection.php(292): mysqli->query('INSERT INTO `co...', 0)
#1 /Applications/XAMPP/xamppfiles/htdocs/codeigniter4/ci4_CLG/system/Database/BaseConnection.php(670): CodeIgniter\Database\MySQLi\Connection->execute('INSERT INTO `co...')
#2 /Applications/XAMPP/xamppfiles/htdocs/codeigniter4/ci4_CLG/system/Database/BaseConnection.php(598): CodeIgniter\Database\BaseConnection->simpleQuery('INSERT INTO `co...')
#3 /Applications/XAMPP/xamppfiles/htdocs/codeigniter4/ci4_CLG/system/Database/BaseBuilder.php(1771): CodeIgniter\Database\BaseConnection->query('INSERT INTO `co...', Array, false)
#4 /Applications/XAMPP/xamppfiles/htdocs/codeigniter4/ci4_CLG/system/Model.php(239): CodeIgniter\Database\BaseBuilder->insert()
#5 /Applications/XAMPP/xamppfiles/htdocs/codeigniter4/ci4_CLG/system/BaseModel.php(738): CodeIgniter\Model->doInsert(Array)
#6 /Applications/XAMPP/xamppfiles/htdocs/codeigniter4/ci4_CLG/system/Model.php(625): CodeIgniter\BaseModel->insert(Array, false)
#7 /Applications/XAMPP/xamppfiles/htdocs/codeigniter4/ci4_CLG/system/BaseModel.php(658): CodeIgniter\Model->insert(Array, false)
#8 /Applications/XAMPP/xamppfiles/htdocs/codeigniter4/ci4_CLG/app/Controllers/Content.php(80): CodeIgniter\BaseModel->save(Array)
#9 /Applications/XAMPP/xamppfiles/htdocs/codeigniter4/ci4_CLG/system/CodeIgniter.php(832): App\Controllers\Content->save()
#10 /Applications/XAMPP/xamppfiles/htdocs/codeigniter4/ci4_CLG/system/CodeIgniter.php(419): CodeIgniter\CodeIgniter->runController(Object(App\Controllers\Content))
#11 /Applications/XAMPP/xamppfiles/htdocs/codeigniter4/ci4_CLG/system/CodeIgniter.php(326): CodeIgniter\CodeIgniter->handleRequest(NULL, Object(Config\Cache), false)
#12 /Applications/XAMPP/xamppfiles/htdocs/codeigniter4/ci4_CLG/public/index.php(37): CodeIgniter\CodeIgniter->run()
#13 /Applications/XAMPP/xamppfiles/htdocs/codeigniter4/ci4_CLG/system/Commands/Server/rewrite.php(43): require_once('/Applications/X...')
#14 {main}
ERROR - 2022-06-04 12:34:01 --> Unknown column 'updated_at' in 'field list'
CRITICAL - 2022-06-04 12:34:01 --> Unknown column 'updated_at' in 'field list'
#0 /Applications/XAMPP/xamppfiles/htdocs/codeigniter4/ci4_CLG/system/Database/MySQLi/Connection.php(292): mysqli->query('INSERT INTO `co...', 0)
#1 /Applications/XAMPP/xamppfiles/htdocs/codeigniter4/ci4_CLG/system/Database/BaseConnection.php(670): CodeIgniter\Database\MySQLi\Connection->execute('INSERT INTO `co...')
#2 /Applications/XAMPP/xamppfiles/htdocs/codeigniter4/ci4_CLG/system/Database/BaseConnection.php(598): CodeIgniter\Database\BaseConnection->simpleQuery('INSERT INTO `co...')
#3 /Applications/XAMPP/xamppfiles/htdocs/codeigniter4/ci4_CLG/system/Database/BaseBuilder.php(1771): CodeIgniter\Database\BaseConnection->query('INSERT INTO `co...', Array, false)
#4 /Applications/XAMPP/xamppfiles/htdocs/codeigniter4/ci4_CLG/system/Model.php(239): CodeIgniter\Database\BaseBuilder->insert()
#5 /Applications/XAMPP/xamppfiles/htdocs/codeigniter4/ci4_CLG/system/BaseModel.php(738): CodeIgniter\Model->doInsert(Array)
#6 /Applications/XAMPP/xamppfiles/htdocs/codeigniter4/ci4_CLG/system/Model.php(625): CodeIgniter\BaseModel->insert(Array, false)
#7 /Applications/XAMPP/xamppfiles/htdocs/codeigniter4/ci4_CLG/system/BaseModel.php(658): CodeIgniter\Model->insert(Array, false)
#8 /Applications/XAMPP/xamppfiles/htdocs/codeigniter4/ci4_CLG/app/Controllers/Content.php(80): CodeIgniter\BaseModel->save(Array)
#9 /Applications/XAMPP/xamppfiles/htdocs/codeigniter4/ci4_CLG/system/CodeIgniter.php(832): App\Controllers\Content->save()
#10 /Applications/XAMPP/xamppfiles/htdocs/codeigniter4/ci4_CLG/system/CodeIgniter.php(419): CodeIgniter\CodeIgniter->runController(Object(App\Controllers\Content))
#11 /Applications/XAMPP/xamppfiles/htdocs/codeigniter4/ci4_CLG/system/CodeIgniter.php(326): CodeIgniter\CodeIgniter->handleRequest(NULL, Object(Config\Cache), false)
#12 /Applications/XAMPP/xamppfiles/htdocs/codeigniter4/ci4_CLG/public/index.php(37): CodeIgniter\CodeIgniter->run()
#13 /Applications/XAMPP/xamppfiles/htdocs/codeigniter4/ci4_CLG/system/Commands/Server/rewrite.php(43): require_once('/Applications/X...')
#14 {main}
ERROR - 2022-06-04 12:34:55 --> Unknown column 'updated_at' in 'field list'
CRITICAL - 2022-06-04 12:34:55 --> Unknown column 'updated_at' in 'field list'
#0 /Applications/XAMPP/xamppfiles/htdocs/codeigniter4/ci4_CLG/system/Database/MySQLi/Connection.php(292): mysqli->query('INSERT INTO `co...', 0)
#1 /Applications/XAMPP/xamppfiles/htdocs/codeigniter4/ci4_CLG/system/Database/BaseConnection.php(670): CodeIgniter\Database\MySQLi\Connection->execute('INSERT INTO `co...')
#2 /Applications/XAMPP/xamppfiles/htdocs/codeigniter4/ci4_CLG/system/Database/BaseConnection.php(598): CodeIgniter\Database\BaseConnection->simpleQuery('INSERT INTO `co...')
#3 /Applications/XAMPP/xamppfiles/htdocs/codeigniter4/ci4_CLG/system/Database/BaseBuilder.php(1771): CodeIgniter\Database\BaseConnection->query('INSERT INTO `co...', Array, false)
#4 /Applications/XAMPP/xamppfiles/htdocs/codeigniter4/ci4_CLG/system/Model.php(239): CodeIgniter\Database\BaseBuilder->insert()
#5 /Applications/XAMPP/xamppfiles/htdocs/codeigniter4/ci4_CLG/system/BaseModel.php(738): CodeIgniter\Model->doInsert(Array)
#6 /Applications/XAMPP/xamppfiles/htdocs/codeigniter4/ci4_CLG/system/Model.php(625): CodeIgniter\BaseModel->insert(Array, false)
#7 /Applications/XAMPP/xamppfiles/htdocs/codeigniter4/ci4_CLG/system/BaseModel.php(658): CodeIgniter\Model->insert(Array, false)
#8 /Applications/XAMPP/xamppfiles/htdocs/codeigniter4/ci4_CLG/app/Controllers/Content.php(80): CodeIgniter\BaseModel->save(Array)
#9 /Applications/XAMPP/xamppfiles/htdocs/codeigniter4/ci4_CLG/system/CodeIgniter.php(832): App\Controllers\Content->save()
#10 /Applications/XAMPP/xamppfiles/htdocs/codeigniter4/ci4_CLG/system/CodeIgniter.php(419): CodeIgniter\CodeIgniter->runController(Object(App\Controllers\Content))
#11 /Applications/XAMPP/xamppfiles/htdocs/codeigniter4/ci4_CLG/system/CodeIgniter.php(326): CodeIgniter\CodeIgniter->handleRequest(NULL, Object(Config\Cache), false)
#12 /Applications/XAMPP/xamppfiles/htdocs/codeigniter4/ci4_CLG/public/index.php(37): CodeIgniter\CodeIgniter->run()
#13 /Applications/XAMPP/xamppfiles/htdocs/codeigniter4/ci4_CLG/system/Commands/Server/rewrite.php(43): require_once('/Applications/X...')
#14 {main}
ERROR - 2022-06-04 12:35:05 --> Unknown column 'updated_at' in 'field list'
CRITICAL - 2022-06-04 12:35:05 --> Unknown column 'updated_at' in 'field list'
#0 /Applications/XAMPP/xamppfiles/htdocs/codeigniter4/ci4_CLG/system/Database/MySQLi/Connection.php(292): mysqli->query('INSERT INTO `co...', 0)
#1 /Applications/XAMPP/xamppfiles/htdocs/codeigniter4/ci4_CLG/system/Database/BaseConnection.php(670): CodeIgniter\Database\MySQLi\Connection->execute('INSERT INTO `co...')
#2 /Applications/XAMPP/xamppfiles/htdocs/codeigniter4/ci4_CLG/system/Database/BaseConnection.php(598): CodeIgniter\Database\BaseConnection->simpleQuery('INSERT INTO `co...')
#3 /Applications/XAMPP/xamppfiles/htdocs/codeigniter4/ci4_CLG/system/Database/BaseBuilder.php(1771): CodeIgniter\Database\BaseConnection->query('INSERT INTO `co...', Array, false)
#4 /Applications/XAMPP/xamppfiles/htdocs/codeigniter4/ci4_CLG/system/Model.php(239): CodeIgniter\Database\BaseBuilder->insert()
#5 /Applications/XAMPP/xamppfiles/htdocs/codeigniter4/ci4_CLG/system/BaseModel.php(738): CodeIgniter\Model->doInsert(Array)
#6 /Applications/XAMPP/xamppfiles/htdocs/codeigniter4/ci4_CLG/system/Model.php(625): CodeIgniter\BaseModel->insert(Array, false)
#7 /Applications/XAMPP/xamppfiles/htdocs/codeigniter4/ci4_CLG/system/BaseModel.php(658): CodeIgniter\Model->insert(Array, false)
#8 /Applications/XAMPP/xamppfiles/htdocs/codeigniter4/ci4_CLG/app/Controllers/Content.php(80): CodeIgniter\BaseModel->save(Array)
#9 /Applications/XAMPP/xamppfiles/htdocs/codeigniter4/ci4_CLG/system/CodeIgniter.php(832): App\Controllers\Content->save()
#10 /Applications/XAMPP/xamppfiles/htdocs/codeigniter4/ci4_CLG/system/CodeIgniter.php(419): CodeIgniter\CodeIgniter->runController(Object(App\Controllers\Content))
#11 /Applications/XAMPP/xamppfiles/htdocs/codeigniter4/ci4_CLG/system/CodeIgniter.php(326): CodeIgniter\CodeIgniter->handleRequest(NULL, Object(Config\Cache), false)
#12 /Applications/XAMPP/xamppfiles/htdocs/codeigniter4/ci4_CLG/public/index.php(37): CodeIgniter\CodeIgniter->run()
#13 /Applications/XAMPP/xamppfiles/htdocs/codeigniter4/ci4_CLG/system/Commands/Server/rewrite.php(43): require_once('/Applications/X...')
#14 {main}
CRITICAL - 2022-06-04 12:47:57 --> url_title(): Argument #1 ($str) must be of type string, null given, called in /Applications/XAMPP/xamppfiles/htdocs/codeigniter4/ci4_CLG/app/Controllers/Content.php on line 76
#0 /Applications/XAMPP/xamppfiles/htdocs/codeigniter4/ci4_CLG/app/Controllers/Content.php(76): url_title(NULL, true)
#1 /Applications/XAMPP/xamppfiles/htdocs/codeigniter4/ci4_CLG/system/CodeIgniter.php(832): App\Controllers\Content->save()
#2 /Applications/XAMPP/xamppfiles/htdocs/codeigniter4/ci4_CLG/system/CodeIgniter.php(419): CodeIgniter\CodeIgniter->runController(Object(App\Controllers\Content))
#3 /Applications/XAMPP/xamppfiles/htdocs/codeigniter4/ci4_CLG/system/CodeIgniter.php(326): CodeIgniter\CodeIgniter->handleRequest(NULL, Object(Config\Cache), false)
#4 /Applications/XAMPP/xamppfiles/htdocs/codeigniter4/ci4_CLG/public/index.php(37): CodeIgniter\CodeIgniter->run()
#5 /Applications/XAMPP/xamppfiles/htdocs/codeigniter4/ci4_CLG/system/Commands/Server/rewrite.php(43): require_once('/Applications/X...')
#6 {main}
CRITICAL - 2022-06-04 12:48:20 --> url_title(): Argument #1 ($str) must be of type string, null given, called in /Applications/XAMPP/xamppfiles/htdocs/codeigniter4/ci4_CLG/app/Controllers/Content.php on line 76
#0 /Applications/XAMPP/xamppfiles/htdocs/codeigniter4/ci4_CLG/app/Controllers/Content.php(76): url_title(NULL, '-', true)
#1 /Applications/XAMPP/xamppfiles/htdocs/codeigniter4/ci4_CLG/system/CodeIgniter.php(832): App\Controllers\Content->save()
#2 /Applications/XAMPP/xamppfiles/htdocs/codeigniter4/ci4_CLG/system/CodeIgniter.php(419): CodeIgniter\CodeIgniter->runController(Object(App\Controllers\Content))
#3 /Applications/XAMPP/xamppfiles/htdocs/codeigniter4/ci4_CLG/system/CodeIgniter.php(326): CodeIgniter\CodeIgniter->handleRequest(NULL, Object(Config\Cache), false)
#4 /Applications/XAMPP/xamppfiles/htdocs/codeigniter4/ci4_CLG/public/index.php(37): CodeIgniter\CodeIgniter->run()
#5 /Applications/XAMPP/xamppfiles/htdocs/codeigniter4/ci4_CLG/system/Commands/Server/rewrite.php(43): require_once('/Applications/X...')
#6 {main}
CRITICAL - 2022-06-04 12:49:09 --> url_title(): Argument #1 ($str) must be of type string, null given, called in /Applications/XAMPP/xamppfiles/htdocs/codeigniter4/ci4_CLG/app/Controllers/Content.php on line 76
#0 /Applications/XAMPP/xamppfiles/htdocs/codeigniter4/ci4_CLG/app/Controllers/Content.php(76): url_title(NULL)
#1 /Applications/XAMPP/xamppfiles/htdocs/codeigniter4/ci4_CLG/system/CodeIgniter.php(832): App\Controllers\Content->save()
#2 /Applications/XAMPP/xamppfiles/htdocs/codeigniter4/ci4_CLG/system/CodeIgniter.php(419): CodeIgniter\CodeIgniter->runController(Object(App\Controllers\Content))
#3 /Applications/XAMPP/xamppfiles/htdocs/codeigniter4/ci4_CLG/system/CodeIgniter.php(326): CodeIgniter\CodeIgniter->handleRequest(NULL, Object(Config\Cache), false)
#4 /Applications/XAMPP/xamppfiles/htdocs/codeigniter4/ci4_CLG/public/index.php(37): CodeIgniter\CodeIgniter->run()
#5 /Applications/XAMPP/xamppfiles/htdocs/codeigniter4/ci4_CLG/system/Commands/Server/rewrite.php(43): require_once('/Applications/X...')
#6 {main}
CRITICAL - 2022-06-04 12:49:15 --> url_title(): Argument #1 ($str) must be of type string, null given, called in /Applications/XAMPP/xamppfiles/htdocs/codeigniter4/ci4_CLG/app/Controllers/Content.php on line 76
#0 /Applications/XAMPP/xamppfiles/htdocs/codeigniter4/ci4_CLG/app/Controllers/Content.php(76): url_title(NULL)
#1 /Applications/XAMPP/xamppfiles/htdocs/codeigniter4/ci4_CLG/system/CodeIgniter.php(832): App\Controllers\Content->save()
#2 /Applications/XAMPP/xamppfiles/htdocs/codeigniter4/ci4_CLG/system/CodeIgniter.php(419): CodeIgniter\CodeIgniter->runController(Object(App\Controllers\Content))
#3 /Applications/XAMPP/xamppfiles/htdocs/codeigniter4/ci4_CLG/system/CodeIgniter.php(326): CodeIgniter\CodeIgniter->handleRequest(NULL, Object(Config\Cache), false)
#4 /Applications/XAMPP/xamppfiles/htdocs/codeigniter4/ci4_CLG/public/index.php(37): CodeIgniter\CodeIgniter->run()
#5 /Applications/XAMPP/xamppfiles/htdocs/codeigniter4/ci4_CLG/system/Commands/Server/rewrite.php(43): require_once('/Applications/X...')
#6 {main}
CRITICAL - 2022-06-04 12:50:38 --> url_title(): Argument #1 ($str) must be of type string, null given, called in /Applications/XAMPP/xamppfiles/htdocs/codeigniter4/ci4_CLG/app/Controllers/Content.php on line 76
#0 /Applications/XAMPP/xamppfiles/htdocs/codeigniter4/ci4_CLG/app/Controllers/Content.php(76): url_title(NULL, false)
#1 /Applications/XAMPP/xamppfiles/htdocs/codeigniter4/ci4_CLG/system/CodeIgniter.php(832): App\Controllers\Content->save()
#2 /Applications/XAMPP/xamppfiles/htdocs/codeigniter4/ci4_CLG/system/CodeIgniter.php(419): CodeIgniter\CodeIgniter->runController(Object(App\Controllers\Content))
#3 /Applications/XAMPP/xamppfiles/htdocs/codeigniter4/ci4_CLG/system/CodeIgniter.php(326): CodeIgniter\CodeIgniter->handleRequest(NULL, Object(Config\Cache), false)
#4 /Applications/XAMPP/xamppfiles/htdocs/codeigniter4/ci4_CLG/public/index.php(37): CodeIgniter\CodeIgniter->run()
#5 /Applications/XAMPP/xamppfiles/htdocs/codeigniter4/ci4_CLG/system/Commands/Server/rewrite.php(43): require_once('/Applications/X...')
#6 {main}
CRITICAL - 2022-06-04 13:13:28 --> Class "App\Models\CategoryModel" not found
#0 /Applications/XAMPP/xamppfiles/htdocs/codeigniter4/ci4_CLG/system/CodeIgniter.php(809): App\Controllers\Category->__construct()
#1 /Applications/XAMPP/xamppfiles/htdocs/codeigniter4/ci4_CLG/system/CodeIgniter.php(410): CodeIgniter\CodeIgniter->createController()
#2 /Applications/XAMPP/xamppfiles/htdocs/codeigniter4/ci4_CLG/system/CodeIgniter.php(326): CodeIgniter\CodeIgniter->handleRequest(NULL, Object(Config\Cache), false)
#3 /Applications/XAMPP/xamppfiles/htdocs/codeigniter4/ci4_CLG/public/index.php(37): CodeIgniter\CodeIgniter->run()
#4 /Applications/XAMPP/xamppfiles/htdocs/codeigniter4/ci4_CLG/system/Commands/Server/rewrite.php(43): require_once('/Applications/X...')
#5 {main}
CRITICAL - 2022-06-04 13:18:30 --> Undefined variable $category
#0 /Applications/XAMPP/xamppfiles/htdocs/codeigniter4/ci4_CLG/app/Views/category/index.php(29): CodeIgniter\Debug\Exceptions->errorHandler(2, 'Undefined varia...', '/Applications/X...', 29)
#1 /Applications/XAMPP/xamppfiles/htdocs/codeigniter4/ci4_CLG/system/View/View.php(210): include('/Applications/X...')
#2 /Applications/XAMPP/xamppfiles/htdocs/codeigniter4/ci4_CLG/system/View/View.php(213): CodeIgniter\View\View->CodeIgniter\View\{closure}()
#3 /Applications/XAMPP/xamppfiles/htdocs/codeigniter4/ci4_CLG/system/Common.php(1089): CodeIgniter\View\View->render('category/index', Array, true)
#4 /Applications/XAMPP/xamppfiles/htdocs/codeigniter4/ci4_CLG/app/Controllers/Category.php(24): view('category/index', Array)
#5 /Applications/XAMPP/xamppfiles/htdocs/codeigniter4/ci4_CLG/system/CodeIgniter.php(832): App\Controllers\Category->index()
#6 /Applications/XAMPP/xamppfiles/htdocs/codeigniter4/ci4_CLG/system/CodeIgniter.php(419): CodeIgniter\CodeIgniter->runController(Object(App\Controllers\Category))
#7 /Applications/XAMPP/xamppfiles/htdocs/codeigniter4/ci4_CLG/system/CodeIgniter.php(326): CodeIgniter\CodeIgniter->handleRequest(NULL, Object(Config\Cache), false)
#8 /Applications/XAMPP/xamppfiles/htdocs/codeigniter4/ci4_CLG/public/index.php(37): CodeIgniter\CodeIgniter->run()
#9 /Applications/XAMPP/xamppfiles/htdocs/codeigniter4/ci4_CLG/system/Commands/Server/rewrite.php(43): require_once('/Applications/X...')
#10 {main}
CRITICAL - 2022-06-04 13:20:26 --> Undefined variable $category
#0 /Applications/XAMPP/xamppfiles/htdocs/codeigniter4/ci4_CLG/app/Views/category/index.php(29): CodeIgniter\Debug\Exceptions->errorHandler(2, 'Undefined varia...', '/Applications/X...', 29)
#1 /Applications/XAMPP/xamppfiles/htdocs/codeigniter4/ci4_CLG/system/View/View.php(210): include('/Applications/X...')
#2 /Applications/XAMPP/xamppfiles/htdocs/codeigniter4/ci4_CLG/system/View/View.php(213): CodeIgniter\View\View->CodeIgniter\View\{closure}()
#3 /Applications/XAMPP/xamppfiles/htdocs/codeigniter4/ci4_CLG/system/Common.php(1089): CodeIgniter\View\View->render('category/index', Array, true)
#4 /Applications/XAMPP/xamppfiles/htdocs/codeigniter4/ci4_CLG/app/Controllers/Category.php(24): view('category/index', Array)
#5 /Applications/XAMPP/xamppfiles/htdocs/codeigniter4/ci4_CLG/system/CodeIgniter.php(832): App\Controllers\Category->index()
#6 /Applications/XAMPP/xamppfiles/htdocs/codeigniter4/ci4_CLG/system/CodeIgniter.php(419): CodeIgniter\CodeIgniter->runController(Object(App\Controllers\Category))
#7 /Applications/XAMPP/xamppfiles/htdocs/codeigniter4/ci4_CLG/system/CodeIgniter.php(326): CodeIgniter\CodeIgniter->handleRequest(NULL, Object(Config\Cache), false)
#8 /Applications/XAMPP/xamppfiles/htdocs/codeigniter4/ci4_CLG/public/index.php(37): CodeIgniter\CodeIgniter->run()
#9 /Applications/XAMPP/xamppfiles/htdocs/codeigniter4/ci4_CLG/system/Commands/Server/rewrite.php(43): require_once('/Applications/X...')
#10 {main}
CRITICAL - 2022-06-04 13:22:18 --> Undefined variable $category
#0 /Applications/XAMPP/xamppfiles/htdocs/codeigniter4/ci4_CLG/app/Views/category/index.php(29): CodeIgniter\Debug\Exceptions->errorHandler(2, 'Undefined varia...', '/Applications/X...', 29)
#1 /Applications/XAMPP/xamppfiles/htdocs/codeigniter4/ci4_CLG/system/View/View.php(210): include('/Applications/X...')
#2 /Applications/XAMPP/xamppfiles/htdocs/codeigniter4/ci4_CLG/system/View/View.php(213): CodeIgniter\View\View->CodeIgniter\View\{closure}()
#3 /Applications/XAMPP/xamppfiles/htdocs/codeigniter4/ci4_CLG/system/Common.php(1089): CodeIgniter\View\View->render('category/index', Array, true)
#4 /Applications/XAMPP/xamppfiles/htdocs/codeigniter4/ci4_CLG/app/Controllers/Category.php(24): view('category/index', Array)
#5 /Applications/XAMPP/xamppfiles/htdocs/codeigniter4/ci4_CLG/system/CodeIgniter.php(832): App\Controllers\Category->index()
#6 /Applications/XAMPP/xamppfiles/htdocs/codeigniter4/ci4_CLG/system/CodeIgniter.php(419): CodeIgniter\CodeIgniter->runController(Object(App\Controllers\Category))
#7 /Applications/XAMPP/xamppfiles/htdocs/codeigniter4/ci4_CLG/system/CodeIgniter.php(326): CodeIgniter\CodeIgniter->handleRequest(NULL, Object(Config\Cache), false)
#8 /Applications/XAMPP/xamppfiles/htdocs/codeigniter4/ci4_CLG/public/index.php(37): CodeIgniter\CodeIgniter->run()
#9 /Applications/XAMPP/xamppfiles/htdocs/codeigniter4/ci4_CLG/system/Commands/Server/rewrite.php(43): require_once('/Applications/X...')
#10 {main}
CRITICAL - 2022-06-04 13:22:40 --> Undefined variable $cat
#0 /Applications/XAMPP/xamppfiles/htdocs/codeigniter4/ci4_CLG/app/Views/category/index.php(29): CodeIgniter\Debug\Exceptions->errorHandler(2, 'Undefined varia...', '/Applications/X...', 29)
#1 /Applications/XAMPP/xamppfiles/htdocs/codeigniter4/ci4_CLG/system/View/View.php(210): include('/Applications/X...')
#2 /Applications/XAMPP/xamppfiles/htdocs/codeigniter4/ci4_CLG/system/View/View.php(213): CodeIgniter\View\View->CodeIgniter\View\{closure}()
#3 /Applications/XAMPP/xamppfiles/htdocs/codeigniter4/ci4_CLG/system/Common.php(1089): CodeIgniter\View\View->render('category/index', Array, true)
#4 /Applications/XAMPP/xamppfiles/htdocs/codeigniter4/ci4_CLG/app/Controllers/Category.php(24): view('category/index', Array)
#5 /Applications/XAMPP/xamppfiles/htdocs/codeigniter4/ci4_CLG/system/CodeIgniter.php(832): App\Controllers\Category->index()
#6 /Applications/XAMPP/xamppfiles/htdocs/codeigniter4/ci4_CLG/system/CodeIgniter.php(419): CodeIgniter\CodeIgniter->runController(Object(App\Controllers\Category))
#7 /Applications/XAMPP/xamppfiles/htdocs/codeigniter4/ci4_CLG/system/CodeIgniter.php(326): CodeIgniter\CodeIgniter->handleRequest(NULL, Object(Config\Cache), false)
#8 /Applications/XAMPP/xamppfiles/htdocs/codeigniter4/ci4_CLG/public/index.php(37): CodeIgniter\CodeIgniter->run()
#9 /Applications/XAMPP/xamppfiles/htdocs/codeigniter4/ci4_CLG/system/Commands/Server/rewrite.php(43): require_once('/Applications/X...')
#10 {main}
CRITICAL - 2022-06-04 13:23:40 --> Call to undefined method App\Models\CategoryModel::getCategory
#0 /Applications/XAMPP/xamppfiles/htdocs/codeigniter4/ci4_CLG/app/Controllers/Category.php(21): CodeIgniter\Model->__call('getCategory', Array)
#1 /Applications/XAMPP/xamppfiles/htdocs/codeigniter4/ci4_CLG/system/CodeIgniter.php(832): App\Controllers\Category->index()
#2 /Applications/XAMPP/xamppfiles/htdocs/codeigniter4/ci4_CLG/system/CodeIgniter.php(419): CodeIgniter\CodeIgniter->runController(Object(App\Controllers\Category))
#3 /Applications/XAMPP/xamppfiles/htdocs/codeigniter4/ci4_CLG/system/CodeIgniter.php(326): CodeIgniter\CodeIgniter->handleRequest(NULL, Object(Config\Cache), false)
#4 /Applications/XAMPP/xamppfiles/htdocs/codeigniter4/ci4_CLG/public/index.php(37): CodeIgniter\CodeIgniter->run()
#5 /Applications/XAMPP/xamppfiles/htdocs/codeigniter4/ci4_CLG/system/Commands/Server/rewrite.php(43): require_once('/Applications/X...')
#6 {main}
CRITICAL - 2022-06-04 13:24:50 --> Undefined variable $cat
#0 /Applications/XAMPP/xamppfiles/htdocs/codeigniter4/ci4_CLG/app/Views/category/index.php(29): CodeIgniter\Debug\Exceptions->errorHandler(2, 'Undefined varia...', '/Applications/X...', 29)
#1 /Applications/XAMPP/xamppfiles/htdocs/codeigniter4/ci4_CLG/system/View/View.php(210): include('/Applications/X...')
#2 /Applications/XAMPP/xamppfiles/htdocs/codeigniter4/ci4_CLG/system/View/View.php(213): CodeIgniter\View\View->CodeIgniter\View\{closure}()
#3 /Applications/XAMPP/xamppfiles/htdocs/codeigniter4/ci4_CLG/system/Common.php(1089): CodeIgniter\View\View->render('category/index', Array, true)
#4 /Applications/XAMPP/xamppfiles/htdocs/codeigniter4/ci4_CLG/app/Controllers/Category.php(24): view('category/index', Array)
#5 /Applications/XAMPP/xamppfiles/htdocs/codeigniter4/ci4_CLG/system/CodeIgniter.php(832): App\Controllers\Category->index()
#6 /Applications/XAMPP/xamppfiles/htdocs/codeigniter4/ci4_CLG/system/CodeIgniter.php(419): CodeIgniter\CodeIgniter->runController(Object(App\Controllers\Category))
#7 /Applications/XAMPP/xamppfiles/htdocs/codeigniter4/ci4_CLG/system/CodeIgniter.php(326): CodeIgniter\CodeIgniter->handleRequest(NULL, Object(Config\Cache), false)
#8 /Applications/XAMPP/xamppfiles/htdocs/codeigniter4/ci4_CLG/public/index.php(37): CodeIgniter\CodeIgniter->run()
#9 /Applications/XAMPP/xamppfiles/htdocs/codeigniter4/ci4_CLG/system/Commands/Server/rewrite.php(43): require_once('/Applications/X...')
#10 {main}
CRITICAL - 2022-06-04 13:25:04 --> Undefined variable $category
#0 /Applications/XAMPP/xamppfiles/htdocs/codeigniter4/ci4_CLG/app/Views/category/index.php(29): CodeIgniter\Debug\Exceptions->errorHandler(2, 'Undefined varia...', '/Applications/X...', 29)
#1 /Applications/XAMPP/xamppfiles/htdocs/codeigniter4/ci4_CLG/system/View/View.php(210): include('/Applications/X...')
#2 /Applications/XAMPP/xamppfiles/htdocs/codeigniter4/ci4_CLG/system/View/View.php(213): CodeIgniter\View\View->CodeIgniter\View\{closure}()
#3 /Applications/XAMPP/xamppfiles/htdocs/codeigniter4/ci4_CLG/system/Common.php(1089): CodeIgniter\View\View->render('category/index', Array, true)
#4 /Applications/XAMPP/xamppfiles/htdocs/codeigniter4/ci4_CLG/app/Controllers/Category.php(24): view('category/index', Array)
#5 /Applications/XAMPP/xamppfiles/htdocs/codeigniter4/ci4_CLG/system/CodeIgniter.php(832): App\Controllers\Category->index()
#6 /Applications/XAMPP/xamppfiles/htdocs/codeigniter4/ci4_CLG/system/CodeIgniter.php(419): CodeIgniter\CodeIgniter->runController(Object(App\Controllers\Category))
#7 /Applications/XAMPP/xamppfiles/htdocs/codeigniter4/ci4_CLG/system/CodeIgniter.php(326): CodeIgniter\CodeIgniter->handleRequest(NULL, Object(Config\Cache), false)
#8 /Applications/XAMPP/xamppfiles/htdocs/codeigniter4/ci4_CLG/public/index.php(37): CodeIgniter\CodeIgniter->run()
#9 /Applications/XAMPP/xamppfiles/htdocs/codeigniter4/ci4_CLG/system/Commands/Server/rewrite.php(43): require_once('/Applications/X...')
#10 {main}
CRITICAL - 2022-06-04 13:25:27 --> Undefined variable $category
#0 /Applications/XAMPP/xamppfiles/htdocs/codeigniter4/ci4_CLG/app/Views/category/index.php(29): CodeIgniter\Debug\Exceptions->errorHandler(2, 'Undefined varia...', '/Applications/X...', 29)
#1 /Applications/XAMPP/xamppfiles/htdocs/codeigniter4/ci4_CLG/system/View/View.php(210): include('/Applications/X...')
#2 /Applications/XAMPP/xamppfiles/htdocs/codeigniter4/ci4_CLG/system/View/View.php(213): CodeIgniter\View\View->CodeIgniter\View\{closure}()
#3 /Applications/XAMPP/xamppfiles/htdocs/codeigniter4/ci4_CLG/system/Common.php(1089): CodeIgniter\View\View->render('category/index', Array, true)
#4 /Applications/XAMPP/xamppfiles/htdocs/codeigniter4/ci4_CLG/app/Controllers/Category.php(24): view('category/index', Array)
#5 /Applications/XAMPP/xamppfiles/htdocs/codeigniter4/ci4_CLG/system/CodeIgniter.php(832): App\Controllers\Category->index()
#6 /Applications/XAMPP/xamppfiles/htdocs/codeigniter4/ci4_CLG/system/CodeIgniter.php(419): CodeIgniter\CodeIgniter->runController(Object(App\Controllers\Category))
#7 /Applications/XAMPP/xamppfiles/htdocs/codeigniter4/ci4_CLG/system/CodeIgniter.php(326): CodeIgniter\CodeIgniter->handleRequest(NULL, Object(Config\Cache), false)
#8 /Applications/XAMPP/xamppfiles/htdocs/codeigniter4/ci4_CLG/public/index.php(37): CodeIgniter\CodeIgniter->run()
#9 /Applications/XAMPP/xamppfiles/htdocs/codeigniter4/ci4_CLG/system/Commands/Server/rewrite.php(43): require_once('/Applications/X...')
#10 {main}
CRITICAL - 2022-06-04 13:25:28 --> Undefined variable $category
#0 /Applications/XAMPP/xamppfiles/htdocs/codeigniter4/ci4_CLG/app/Views/category/index.php(29): CodeIgniter\Debug\Exceptions->errorHandler(2, 'Undefined varia...', '/Applications/X...', 29)
#1 /Applications/XAMPP/xamppfiles/htdocs/codeigniter4/ci4_CLG/system/View/View.php(210): include('/Applications/X...')
#2 /Applications/XAMPP/xamppfiles/htdocs/codeigniter4/ci4_CLG/system/View/View.php(213): CodeIgniter\View\View->CodeIgniter\View\{closure}()
#3 /Applications/XAMPP/xamppfiles/htdocs/codeigniter4/ci4_CLG/system/Common.php(1089): CodeIgniter\View\View->render('category/index', Array, true)
#4 /Applications/XAMPP/xamppfiles/htdocs/codeigniter4/ci4_CLG/app/Controllers/Category.php(24): view('category/index', Array)
#5 /Applications/XAMPP/xamppfiles/htdocs/codeigniter4/ci4_CLG/system/CodeIgniter.php(832): App\Controllers\Category->index()
#6 /Applications/XAMPP/xamppfiles/htdocs/codeigniter4/ci4_CLG/system/CodeIgniter.php(419): CodeIgniter\CodeIgniter->runController(Object(App\Controllers\Category))
#7 /Applications/XAMPP/xamppfiles/htdocs/codeigniter4/ci4_CLG/system/CodeIgniter.php(326): CodeIgniter\CodeIgniter->handleRequest(NULL, Object(Config\Cache), false)
#8 /Applications/XAMPP/xamppfiles/htdocs/codeigniter4/ci4_CLG/public/index.php(37): CodeIgniter\CodeIgniter->run()
#9 /Applications/XAMPP/xamppfiles/htdocs/codeigniter4/ci4_CLG/system/Commands/Server/rewrite.php(43): require_once('/Applications/X...')
#10 {main}
CRITICAL - 2022-06-04 13:25:57 --> Undefined variable $cat
#0 /Applications/XAMPP/xamppfiles/htdocs/codeigniter4/ci4_CLG/app/Views/category/index.php(29): CodeIgniter\Debug\Exceptions->errorHandler(2, 'Undefined varia...', '/Applications/X...', 29)
#1 /Applications/XAMPP/xamppfiles/htdocs/codeigniter4/ci4_CLG/system/View/View.php(210): include('/Applications/X...')
#2 /Applications/XAMPP/xamppfiles/htdocs/codeigniter4/ci4_CLG/system/View/View.php(213): CodeIgniter\View\View->CodeIgniter\View\{closure}()
#3 /Applications/XAMPP/xamppfiles/htdocs/codeigniter4/ci4_CLG/system/Common.php(1089): CodeIgniter\View\View->render('category/index', Array, true)
#4 /Applications/XAMPP/xamppfiles/htdocs/codeigniter4/ci4_CLG/app/Controllers/Category.php(24): view('category/index', Array)
#5 /Applications/XAMPP/xamppfiles/htdocs/codeigniter4/ci4_CLG/system/CodeIgniter.php(832): App\Controllers\Category->index()
#6 /Applications/XAMPP/xamppfiles/htdocs/codeigniter4/ci4_CLG/system/CodeIgniter.php(419): CodeIgniter\CodeIgniter->runController(Object(App\Controllers\Category))
#7 /Applications/XAMPP/xamppfiles/htdocs/codeigniter4/ci4_CLG/system/CodeIgniter.php(326): CodeIgniter\CodeIgniter->handleRequest(NULL, Object(Config\Cache), false)
#8 /Applications/XAMPP/xamppfiles/htdocs/codeigniter4/ci4_CLG/public/index.php(37): CodeIgniter\CodeIgniter->run()
#9 /Applications/XAMPP/xamppfiles/htdocs/codeigniter4/ci4_CLG/system/Commands/Server/rewrite.php(43): require_once('/Applications/X...')
#10 {main}
CRITICAL - 2022-06-04 13:26:23 --> Undefined variable $kategori
#0 /Applications/XAMPP/xamppfiles/htdocs/codeigniter4/ci4_CLG/app/Views/category/index.php(29): CodeIgniter\Debug\Exceptions->errorHandler(2, 'Undefined varia...', '/Applications/X...', 29)
#1 /Applications/XAMPP/xamppfiles/htdocs/codeigniter4/ci4_CLG/system/View/View.php(210): include('/Applications/X...')
#2 /Applications/XAMPP/xamppfiles/htdocs/codeigniter4/ci4_CLG/system/View/View.php(213): CodeIgniter\View\View->CodeIgniter\View\{closure}()
#3 /Applications/XAMPP/xamppfiles/htdocs/codeigniter4/ci4_CLG/system/Common.php(1089): CodeIgniter\View\View->render('category/index', Array, true)
#4 /Applications/XAMPP/xamppfiles/htdocs/codeigniter4/ci4_CLG/app/Controllers/Category.php(24): view('category/index', Array)
#5 /Applications/XAMPP/xamppfiles/htdocs/codeigniter4/ci4_CLG/system/CodeIgniter.php(832): App\Controllers\Category->index()
#6 /Applications/XAMPP/xamppfiles/htdocs/codeigniter4/ci4_CLG/system/CodeIgniter.php(419): CodeIgniter\CodeIgniter->runController(Object(App\Controllers\Category))
#7 /Applications/XAMPP/xamppfiles/htdocs/codeigniter4/ci4_CLG/system/CodeIgniter.php(326): CodeIgniter\CodeIgniter->handleRequest(NULL, Object(Config\Cache), false)
#8 /Applications/XAMPP/xamppfiles/htdocs/codeigniter4/ci4_CLG/public/index.php(37): CodeIgniter\CodeIgniter->run()
#9 /Applications/XAMPP/xamppfiles/htdocs/codeigniter4/ci4_CLG/system/Commands/Server/rewrite.php(43): require_once('/Applications/X...')
#10 {main}
CRITICAL - 2022-06-04 13:28:05 --> CodeIgniter\BaseModel::findAll(): Argument #1 ($limit) must be of type int, string given, called in /Applications/XAMPP/xamppfiles/htdocs/codeigniter4/ci4_CLG/app/Models/CategoryModel.php on line 15
#0 /Applications/XAMPP/xamppfiles/htdocs/codeigniter4/ci4_CLG/app/Models/CategoryModel.php(15): CodeIgniter\BaseModel->findAll('category')
#1 /Applications/XAMPP/xamppfiles/htdocs/codeigniter4/ci4_CLG/app/Controllers/Category.php(21): App\Models\CategoryModel->getCategory()
#2 /Applications/XAMPP/xamppfiles/htdocs/codeigniter4/ci4_CLG/system/CodeIgniter.php(832): App\Controllers\Category->index()
#3 /Applications/XAMPP/xamppfiles/htdocs/codeigniter4/ci4_CLG/system/CodeIgniter.php(419): CodeIgniter\CodeIgniter->runController(Object(App\Controllers\Category))
#4 /Applications/XAMPP/xamppfiles/htdocs/codeigniter4/ci4_CLG/system/CodeIgniter.php(326): CodeIgniter\CodeIgniter->handleRequest(NULL, Object(Config\Cache), false)
#5 /Applications/XAMPP/xamppfiles/htdocs/codeigniter4/ci4_CLG/public/index.php(37): CodeIgniter\CodeIgniter->run()
#6 /Applications/XAMPP/xamppfiles/htdocs/codeigniter4/ci4_CLG/system/Commands/Server/rewrite.php(43): require_once('/Applications/X...')
#7 {main}
CRITICAL - 2022-06-04 13:32:47 --> Undefined variable $kategori
#0 /Applications/XAMPP/xamppfiles/htdocs/codeigniter4/ci4_CLG/app/Views/category/index.php(29): CodeIgniter\Debug\Exceptions->errorHandler(2, 'Undefined varia...', '/Applications/X...', 29)
#1 /Applications/XAMPP/xamppfiles/htdocs/codeigniter4/ci4_CLG/system/View/View.php(210): include('/Applications/X...')
#2 /Applications/XAMPP/xamppfiles/htdocs/codeigniter4/ci4_CLG/system/View/View.php(213): CodeIgniter\View\View->CodeIgniter\View\{closure}()
#3 /Applications/XAMPP/xamppfiles/htdocs/codeigniter4/ci4_CLG/system/Common.php(1089): CodeIgniter\View\View->render('category/index', Array, true)
#4 /Applications/XAMPP/xamppfiles/htdocs/codeigniter4/ci4_CLG/app/Controllers/Category.php(24): view('category/index', Array)
#5 /Applications/XAMPP/xamppfiles/htdocs/codeigniter4/ci4_CLG/system/CodeIgniter.php(832): App\Controllers\Category->index()
#6 /Applications/XAMPP/xamppfiles/htdocs/codeigniter4/ci4_CLG/system/CodeIgniter.php(419): CodeIgniter\CodeIgniter->runController(Object(App\Controllers\Category))
#7 /Applications/XAMPP/xamppfiles/htdocs/codeigniter4/ci4_CLG/system/CodeIgniter.php(326): CodeIgniter\CodeIgniter->handleRequest(NULL, Object(Config\Cache), false)
#8 /Applications/XAMPP/xamppfiles/htdocs/codeigniter4/ci4_CLG/public/index.php(37): CodeIgniter\CodeIgniter->run()
#9 /Applications/XAMPP/xamppfiles/htdocs/codeigniter4/ci4_CLG/system/Commands/Server/rewrite.php(43): require_once('/Applications/X...')
#10 {main}
CRITICAL - 2022-06-04 13:33:11 --> Undefined variable $category
#0 /Applications/XAMPP/xamppfiles/htdocs/codeigniter4/ci4_CLG/app/Views/category/index.php(29): CodeIgniter\Debug\Exceptions->errorHandler(2, 'Undefined varia...', '/Applications/X...', 29)
#1 /Applications/XAMPP/xamppfiles/htdocs/codeigniter4/ci4_CLG/system/View/View.php(210): include('/Applications/X...')
#2 /Applications/XAMPP/xamppfiles/htdocs/codeigniter4/ci4_CLG/system/View/View.php(213): CodeIgniter\View\View->CodeIgniter\View\{closure}()
#3 /Applications/XAMPP/xamppfiles/htdocs/codeigniter4/ci4_CLG/system/Common.php(1089): CodeIgniter\View\View->render('category/index', Array, true)
#4 /Applications/XAMPP/xamppfiles/htdocs/codeigniter4/ci4_CLG/app/Controllers/Category.php(24): view('category/index', Array)
#5 /Applications/XAMPP/xamppfiles/htdocs/codeigniter4/ci4_CLG/system/CodeIgniter.php(832): App\Controllers\Category->index()
#6 /Applications/XAMPP/xamppfiles/htdocs/codeigniter4/ci4_CLG/system/CodeIgniter.php(419): CodeIgniter\CodeIgniter->runController(Object(App\Controllers\Category))
#7 /Applications/XAMPP/xamppfiles/htdocs/codeigniter4/ci4_CLG/system/CodeIgniter.php(326): CodeIgniter\CodeIgniter->handleRequest(NULL, Object(Config\Cache), false)
#8 /Applications/XAMPP/xamppfiles/htdocs/codeigniter4/ci4_CLG/public/index.php(37): CodeIgniter\CodeIgniter->run()
#9 /Applications/XAMPP/xamppfiles/htdocs/codeigniter4/ci4_CLG/system/Commands/Server/rewrite.php(43): require_once('/Applications/X...')
#10 {main}
CRITICAL - 2022-06-04 13:33:12 --> Undefined variable $category
#0 /Applications/XAMPP/xamppfiles/htdocs/codeigniter4/ci4_CLG/app/Views/category/index.php(29): CodeIgniter\Debug\Exceptions->errorHandler(2, 'Undefined varia...', '/Applications/X...', 29)
#1 /Applications/XAMPP/xamppfiles/htdocs/codeigniter4/ci4_CLG/system/View/View.php(210): include('/Applications/X...')
#2 /Applications/XAMPP/xamppfiles/htdocs/codeigniter4/ci4_CLG/system/View/View.php(213): CodeIgniter\View\View->CodeIgniter\View\{closure}()
#3 /Applications/XAMPP/xamppfiles/htdocs/codeigniter4/ci4_CLG/system/Common.php(1089): CodeIgniter\View\View->render('category/index', Array, true)
#4 /Applications/XAMPP/xamppfiles/htdocs/codeigniter4/ci4_CLG/app/Controllers/Category.php(24): view('category/index', Array)
#5 /Applications/XAMPP/xamppfiles/htdocs/codeigniter4/ci4_CLG/system/CodeIgniter.php(832): App\Controllers\Category->index()
#6 /Applications/XAMPP/xamppfiles/htdocs/codeigniter4/ci4_CLG/system/CodeIgniter.php(419): CodeIgniter\CodeIgniter->runController(Object(App\Controllers\Category))
#7 /Applications/XAMPP/xamppfiles/htdocs/codeigniter4/ci4_CLG/system/CodeIgniter.php(326): CodeIgniter\CodeIgniter->handleRequest(NULL, Object(Config\Cache), false)
#8 /Applications/XAMPP/xamppfiles/htdocs/codeigniter4/ci4_CLG/public/index.php(37): CodeIgniter\CodeIgniter->run()
#9 /Applications/XAMPP/xamppfiles/htdocs/codeigniter4/ci4_CLG/system/Commands/Server/rewrite.php(43): require_once('/Applications/X...')
#10 {main}
CRITICAL - 2022-06-04 13:33:23 --> Undefined variable $category
#0 /Applications/XAMPP/xamppfiles/htdocs/codeigniter4/ci4_CLG/app/Views/category/index.php(29): CodeIgniter\Debug\Exceptions->errorHandler(2, 'Undefined varia...', '/Applications/X...', 29)
#1 /Applications/XAMPP/xamppfiles/htdocs/codeigniter4/ci4_CLG/system/View/View.php(210): include('/Applications/X...')
#2 /Applications/XAMPP/xamppfiles/htdocs/codeigniter4/ci4_CLG/system/View/View.php(213): CodeIgniter\View\View->CodeIgniter\View\{closure}()
#3 /Applications/XAMPP/xamppfiles/htdocs/codeigniter4/ci4_CLG/system/Common.php(1089): CodeIgniter\View\View->render('category/index', Array, true)
#4 /Applications/XAMPP/xamppfiles/htdocs/codeigniter4/ci4_CLG/app/Controllers/Category.php(24): view('category/index', Array)
#5 /Applications/XAMPP/xamppfiles/htdocs/codeigniter4/ci4_CLG/system/CodeIgniter.php(832): App\Controllers\Category->index()
#6 /Applications/XAMPP/xamppfiles/htdocs/codeigniter4/ci4_CLG/system/CodeIgniter.php(419): CodeIgniter\CodeIgniter->runController(Object(App\Controllers\Category))
#7 /Applications/XAMPP/xamppfiles/htdocs/codeigniter4/ci4_CLG/system/CodeIgniter.php(326): CodeIgniter\CodeIgniter->handleRequest(NULL, Object(Config\Cache), false)
#8 /Applications/XAMPP/xamppfiles/htdocs/codeigniter4/ci4_CLG/public/index.php(37): CodeIgniter\CodeIgniter->run()
#9 /Applications/XAMPP/xamppfiles/htdocs/codeigniter4/ci4_CLG/system/Commands/Server/rewrite.php(43): require_once('/Applications/X...')
#10 {main}
CRITICAL - 2022-06-04 13:33:24 --> Undefined variable $category
#0 /Applications/XAMPP/xamppfiles/htdocs/codeigniter4/ci4_CLG/app/Views/category/index.php(29): CodeIgniter\Debug\Exceptions->errorHandler(2, 'Undefined varia...', '/Applications/X...', 29)
#1 /Applications/XAMPP/xamppfiles/htdocs/codeigniter4/ci4_CLG/system/View/View.php(210): include('/Applications/X...')
#2 /Applications/XAMPP/xamppfiles/htdocs/codeigniter4/ci4_CLG/system/View/View.php(213): CodeIgniter\View\View->CodeIgniter\View\{closure}()
#3 /Applications/XAMPP/xamppfiles/htdocs/codeigniter4/ci4_CLG/system/Common.php(1089): CodeIgniter\View\View->render('category/index', Array, true)
#4 /Applications/XAMPP/xamppfiles/htdocs/codeigniter4/ci4_CLG/app/Controllers/Category.php(24): view('category/index', Array)
#5 /Applications/XAMPP/xamppfiles/htdocs/codeigniter4/ci4_CLG/system/CodeIgniter.php(832): App\Controllers\Category->index()
#6 /Applications/XAMPP/xamppfiles/htdocs/codeigniter4/ci4_CLG/system/CodeIgniter.php(419): CodeIgniter\CodeIgniter->runController(Object(App\Controllers\Category))
#7 /Applications/XAMPP/xamppfiles/htdocs/codeigniter4/ci4_CLG/system/CodeIgniter.php(326): CodeIgniter\CodeIgniter->handleRequest(NULL, Object(Config\Cache), false)
#8 /Applications/XAMPP/xamppfiles/htdocs/codeigniter4/ci4_CLG/public/index.php(37): CodeIgniter\CodeIgniter->run()
#9 /Applications/XAMPP/xamppfiles/htdocs/codeigniter4/ci4_CLG/system/Commands/Server/rewrite.php(43): require_once('/Applications/X...')
#10 {main}
CRITICAL - 2022-06-04 13:34:42 --> Trying to access array offset on value of type null
#0 /Applications/XAMPP/xamppfiles/htdocs/codeigniter4/ci4_CLG/app/Views/category/index.php(32): CodeIgniter\Debug\Exceptions->errorHandler(2, 'Trying to acces...', '/Applications/X...', 32)
#1 /Applications/XAMPP/xamppfiles/htdocs/codeigniter4/ci4_CLG/system/View/View.php(210): include('/Applications/X...')
#2 /Applications/XAMPP/xamppfiles/htdocs/codeigniter4/ci4_CLG/system/View/View.php(213): CodeIgniter\View\View->CodeIgniter\View\{closure}()
#3 /Applications/XAMPP/xamppfiles/htdocs/codeigniter4/ci4_CLG/system/Common.php(1089): CodeIgniter\View\View->render('category/index', Array, true)
#4 /Applications/XAMPP/xamppfiles/htdocs/codeigniter4/ci4_CLG/app/Controllers/Category.php(24): view('category/index', Array)
#5 /Applications/XAMPP/xamppfiles/htdocs/codeigniter4/ci4_CLG/system/CodeIgniter.php(832): App\Controllers\Category->index()
#6 /Applications/XAMPP/xamppfiles/htdocs/codeigniter4/ci4_CLG/system/CodeIgniter.php(419): CodeIgniter\CodeIgniter->runController(Object(App\Controllers\Category))
#7 /Applications/XAMPP/xamppfiles/htdocs/codeigniter4/ci4_CLG/system/CodeIgniter.php(326): CodeIgniter\CodeIgniter->handleRequest(NULL, Object(Config\Cache), false)
#8 /Applications/XAMPP/xamppfiles/htdocs/codeigniter4/ci4_CLG/public/index.php(37): CodeIgniter\CodeIgniter->run()
#9 /Applications/XAMPP/xamppfiles/htdocs/codeigniter4/ci4_CLG/system/Commands/Server/rewrite.php(43): require_once('/Applications/X...')
#10 {main}
CRITICAL - 2022-06-04 13:36:58 --> Trying to access array offset on value of type null
#0 /Applications/XAMPP/xamppfiles/htdocs/codeigniter4/ci4_CLG/app/Views/category/index.php(32): CodeIgniter\Debug\Exceptions->errorHandler(2, 'Trying to acces...', '/Applications/X...', 32)
#1 /Applications/XAMPP/xamppfiles/htdocs/codeigniter4/ci4_CLG/system/View/View.php(210): include('/Applications/X...')
#2 /Applications/XAMPP/xamppfiles/htdocs/codeigniter4/ci4_CLG/system/View/View.php(213): CodeIgniter\View\View->CodeIgniter\View\{closure}()
#3 /Applications/XAMPP/xamppfiles/htdocs/codeigniter4/ci4_CLG/system/Common.php(1089): CodeIgniter\View\View->render('category/index', Array, true)
#4 /Applications/XAMPP/xamppfiles/htdocs/codeigniter4/ci4_CLG/app/Controllers/Category.php(24): view('category/index', Array)
#5 /Applications/XAMPP/xamppfiles/htdocs/codeigniter4/ci4_CLG/system/CodeIgniter.php(832): App\Controllers\Category->index()
#6 /Applications/XAMPP/xamppfiles/htdocs/codeigniter4/ci4_CLG/system/CodeIgniter.php(419): CodeIgniter\CodeIgniter->runController(Object(App\Controllers\Category))
#7 /Applications/XAMPP/xamppfiles/htdocs/codeigniter4/ci4_CLG/system/CodeIgniter.php(326): CodeIgniter\CodeIgniter->handleRequest(NULL, Object(Config\Cache), false)
#8 /Applications/XAMPP/xamppfiles/htdocs/codeigniter4/ci4_CLG/public/index.php(37): CodeIgniter\CodeIgniter->run()
#9 /Applications/XAMPP/xamppfiles/htdocs/codeigniter4/ci4_CLG/system/Commands/Server/rewrite.php(43): require_once('/Applications/X...')
#10 {main}
CRITICAL - 2022-06-04 13:37:16 --> Trying to access array offset on value of type null
#0 /Applications/XAMPP/xamppfiles/htdocs/codeigniter4/ci4_CLG/app/Views/category/index.php(32): CodeIgniter\Debug\Exceptions->errorHandler(2, 'Trying to acces...', '/Applications/X...', 32)
#1 /Applications/XAMPP/xamppfiles/htdocs/codeigniter4/ci4_CLG/system/View/View.php(210): include('/Applications/X...')
#2 /Applications/XAMPP/xamppfiles/htdocs/codeigniter4/ci4_CLG/system/View/View.php(213): CodeIgniter\View\View->CodeIgniter\View\{closure}()
#3 /Applications/XAMPP/xamppfiles/htdocs/codeigniter4/ci4_CLG/system/Common.php(1089): CodeIgniter\View\View->render('category/index', Array, true)
#4 /Applications/XAMPP/xamppfiles/htdocs/codeigniter4/ci4_CLG/app/Controllers/Category.php(24): view('category/index', Array)
#5 /Applications/XAMPP/xamppfiles/htdocs/codeigniter4/ci4_CLG/system/CodeIgniter.php(832): App\Controllers\Category->index()
#6 /Applications/XAMPP/xamppfiles/htdocs/codeigniter4/ci4_CLG/system/CodeIgniter.php(419): CodeIgniter\CodeIgniter->runController(Object(App\Controllers\Category))
#7 /Applications/XAMPP/xamppfiles/htdocs/codeigniter4/ci4_CLG/system/CodeIgniter.php(326): CodeIgniter\CodeIgniter->handleRequest(NULL, Object(Config\Cache), false)
#8 /Applications/XAMPP/xamppfiles/htdocs/codeigniter4/ci4_CLG/public/index.php(37): CodeIgniter\CodeIgniter->run()
#9 /Applications/XAMPP/xamppfiles/htdocs/codeigniter4/ci4_CLG/system/Commands/Server/rewrite.php(43): require_once('/Applications/X...')
#10 {main}
CRITICAL - 2022-06-04 13:40:23 --> Too few arguments to function App\Models\CategoryModel::getCategory(), 0 passed in /Applications/XAMPP/xamppfiles/htdocs/codeigniter4/ci4_CLG/app/Controllers/Category.php on line 21 and exactly 1 expected
#0 /Applications/XAMPP/xamppfiles/htdocs/codeigniter4/ci4_CLG/app/Controllers/Category.php(21): App\Models\CategoryModel->getCategory()
#1 /Applications/XAMPP/xamppfiles/htdocs/codeigniter4/ci4_CLG/system/CodeIgniter.php(832): App\Controllers\Category->index()
#2 /Applications/XAMPP/xamppfiles/htdocs/codeigniter4/ci4_CLG/system/CodeIgniter.php(419): CodeIgniter\CodeIgniter->runController(Object(App\Controllers\Category))
#3 /Applications/XAMPP/xamppfiles/htdocs/codeigniter4/ci4_CLG/system/CodeIgniter.php(326): CodeIgniter\CodeIgniter->handleRequest(NULL, Object(Config\Cache), false)
#4 /Applications/XAMPP/xamppfiles/htdocs/codeigniter4/ci4_CLG/public/index.php(37): CodeIgniter\CodeIgniter->run()
#5 /Applications/XAMPP/xamppfiles/htdocs/codeigniter4/ci4_CLG/system/Commands/Server/rewrite.php(43): require_once('/Applications/X...')
#6 {main}
CRITICAL - 2022-06-04 13:55:05 --> Call to undefined method App\Models\CategoryModel::getCategory
#0 /Applications/XAMPP/xamppfiles/htdocs/codeigniter4/ci4_CLG/app/Controllers/Category.php(21): CodeIgniter\Model->__call('getCategory', Array)
#1 /Applications/XAMPP/xamppfiles/htdocs/codeigniter4/ci4_CLG/system/CodeIgniter.php(832): App\Controllers\Category->index()
#2 /Applications/XAMPP/xamppfiles/htdocs/codeigniter4/ci4_CLG/system/CodeIgniter.php(419): CodeIgniter\CodeIgniter->runController(Object(App\Controllers\Category))
#3 /Applications/XAMPP/xamppfiles/htdocs/codeigniter4/ci4_CLG/system/CodeIgniter.php(326): CodeIgniter\CodeIgniter->handleRequest(NULL, Object(Config\Cache), false)
#4 /Applications/XAMPP/xamppfiles/htdocs/codeigniter4/ci4_CLG/public/index.php(37): CodeIgniter\CodeIgniter->run()
#5 /Applications/XAMPP/xamppfiles/htdocs/codeigniter4/ci4_CLG/system/Commands/Server/rewrite.php(43): require_once('/Applications/X...')
#6 {main}
CRITICAL - 2022-06-04 14:05:09 --> Invalid file: category/create.php
#0 /Applications/XAMPP/xamppfiles/htdocs/codeigniter4/ci4_CLG/system/View/View.php(198): CodeIgniter\Exceptions\FrameworkException::forInvalidFile('category/create...')
#1 /Applications/XAMPP/xamppfiles/htdocs/codeigniter4/ci4_CLG/system/Common.php(1089): CodeIgniter\View\View->render('category/create', Array, true)
#2 /Applications/XAMPP/xamppfiles/htdocs/codeigniter4/ci4_CLG/app/Controllers/Category.php(36): view('category/create', Array)
#3 /Applications/XAMPP/xamppfiles/htdocs/codeigniter4/ci4_CLG/system/CodeIgniter.php(832): App\Controllers\Category->create()
#4 /Applications/XAMPP/xamppfiles/htdocs/codeigniter4/ci4_CLG/system/CodeIgniter.php(419): CodeIgniter\CodeIgniter->runController(Object(App\Controllers\Category))
#5 /Applications/XAMPP/xamppfiles/htdocs/codeigniter4/ci4_CLG/system/CodeIgniter.php(326): CodeIgniter\CodeIgniter->handleRequest(NULL, Object(Config\Cache), false)
#6 /Applications/XAMPP/xamppfiles/htdocs/codeigniter4/ci4_CLG/public/index.php(37): CodeIgniter\CodeIgniter->run()
#7 /Applications/XAMPP/xamppfiles/htdocs/codeigniter4/ci4_CLG/system/Commands/Server/rewrite.php(43): require_once('/Applications/X...')
#8 {main}
